2025-11-19 23:50:08,642 [INFO] from com.jpro.activity in scala-execution-context-global-30 - Starting the server
2025-11-19 23:50:08,648 [INFO] from com.jpro.internal.server.JProInitializer$ in scala-execution-context-global-30 -  *** Starting JPro: https://www.jpro.one/ ***
2025-11-19 23:50:08,648 [INFO] from com.jpro.internal.server.JProInitializer$ in scala-execution-context-global-30 - OS: Windows 10
2025-11-19 23:50:08,679 [INFO] from com.jpro.internal.server.JProInitializer$ in scala-execution-context-global-30 - JPro: 2024.2.1
2025-11-19 23:50:08,679 [INFO] from com.jpro.internal.server.JProInitializer$ in scala-execution-context-global-30 - Java version: 21.0.8
2025-11-19 23:50:08,680 [INFO] from com.jpro.internal.server.JProInitializer$ in scala-execution-context-global-30 - JVM: 21.0.8 Oracle Corporation
2025-11-19 23:50:08,682 [INFO] from com.jpro.internal.server.JProInitializer$ in scala-execution-context-global-30 - JavaFX jar: file:/C:/Users/Lubor/.m2/repository/org/openjfx/javafx-graphics/22.0.2-jpro/javafx-graphics-22.0.2-jpro-win.jar
2025-11-19 23:50:08,687 [INFO] from com.jpro.internal.server.JProInitializer$ in scala-execution-context-global-30 - Configuring logging from url: 'jar:file:/C:/Users/Lubor/.m2/repository/com/sandec/jpro/jpro-server_2.12/2024.2.1/jpro-server_2.12-2024.2.1.jar!/logback-jpro-default.xml'
2025-11-19 23:50:10,913 [INFO] from com.jpro.internal.server.JProInitializer$ in JavaFX Application Thread - JavaFX version: 22.0.2-jpro+0
2025-11-19 23:50:11,108 [INFO] from com.jpro.internal.server.JProInitializer$ in scala-execution-context-global-30 - finished init!
2025-11-19 23:50:11,112 [INFO] from com.jpro.internal.server.JProInitializer$ in scala-execution-context-global-30 - [JPro] -> Server started: {start_time: 1763592608641, os_name: Windows 10, jpro_version: 2024.2.1}
2025-11-19 23:50:11,177 [INFO] from akka.event.slf4j.Slf4jLogger in application-akka.actor.default-dispatcher-5 - Slf4jLogger started
2025-11-19 23:50:12,019 [INFO] from play.api.Play in Thread-0 - Application started (Prod) (no global state)
2025-11-19 23:50:12,913 [INFO] from play.core.server.AkkaHttpServer in Thread-0 - Enabling HTTP/2 on Akka HTTP server...
2025-11-19 23:50:12,915 [INFO] from play.core.server.AkkaHttpServer in Thread-0 - Listening for HTTP on /[0:0:0:0:0:0:0:0]:8080
2025-11-19 23:50:36,702 [INFO] from controllers.jpro in application-akka.actor.default-dispatcher-7 - application requested: default
2025-11-19 23:50:36,715 [INFO] from controllers.jpro in application-akka.actor.default-dispatcher-7 - Creating Application: default
2025-11-19 23:50:36,718 [INFO] from controllers.jpro in application-akka.actor.default-dispatcher-7 - remoteAddress 0:0:0:0:0:0:0:1
2025-11-19 23:50:36,718 [INFO] from controllers.jpro in application-akka.actor.default-dispatcher-7 - host          localhost:8080
2025-11-19 23:50:36,718 [INFO] from controllers.jpro in application-akka.actor.default-dispatcher-7 - uri           /app/ws/default
2025-11-19 23:50:36,932 [ERROR] from com.jpro.internal.server.ViewSerializerActor in JavaFX Application Thread - JavaFXStreamer - got Exception: 
java.lang.Exception: Can't start lp.Manager@669e5884 with JPro. lp.Manager@669e5884 does not extend javafx.application.Application
	at com.jpro.internal.config.ApplicationStarter$.$anonfun$startApplication$2(ApplicationStarter.scala:116)
	at simplefx.cores.interfaces.parts.testing.CoreTesting.inFX(CoreTesting.scala:21)
	at simplefx.cores.interfaces.parts.testing.CoreTesting.inFX$(CoreTesting.scala:18)
	at simplefx.cores.standard.Core.inFX(Core.scala:9)
	at com.jpro.internal.config.ApplicationStarter$.startApplication(ApplicationStarter.scala:111)
	at com.jpro.internal.config.ApplicationStarter$.requestApplication(ApplicationStarter.scala:94)
	at com.jpro.internal.config.ApplicationStarter$.getApplication(ApplicationStarter.scala:60)
	at com.jpro.internal.communicator.ViewImpl.<init>(ViewImpl.scala:43)
	at com.jpro.internal.server.ViewByActor.<init>(ViewSerializerActor.scala:159)
	at com.jpro.internal.server.ViewSerializerActor$$anonfun$handleFirstClientMessage$1.$anonfun$applyOrElse$2(ViewSerializerActor.scala:84)
	at simplefx.cores.standard.parts.CoreTimeEvent$$anon$3.run(CoreTimeEvent.scala:62)
	at com.sun.javafx.application.PlatformImpl.lambda$runLater$10(PlatformImpl.java:457)
	at java.base/java.security.AccessController.doPrivileged(AccessController.java:400)
	at com.sun.javafx.application.PlatformImpl.lambda$runLater$11(PlatformImpl.java:456)
	at com.sun.glass.ui.monocle.RunnableProcessor.runLoop(RunnableProcessor.java:92)
	at com.sun.glass.ui.monocle.RunnableProcessor.run(RunnableProcessor.java:51)
	at java.base/java.lang.Thread.run(Thread.java:1583)
2025-11-19 23:50:38,968 [INFO] from controllers.jpro in application-akka.actor.default-dispatcher-10 - application requested: default
2025-11-19 23:50:38,969 [INFO] from controllers.jpro in application-akka.actor.default-dispatcher-10 - Creating Application: default
2025-11-19 23:50:38,969 [INFO] from controllers.jpro in application-akka.actor.default-dispatcher-10 - remoteAddress 0:0:0:0:0:0:0:1
2025-11-19 23:50:38,969 [INFO] from controllers.jpro in application-akka.actor.default-dispatcher-10 - host          localhost:8080
2025-11-19 23:50:38,969 [INFO] from controllers.jpro in application-akka.actor.default-dispatcher-10 - uri           /app/ws/default
2025-11-19 23:50:39,002 [ERROR] from com.jpro.internal.server.ViewSerializerActor in JavaFX Application Thread - JavaFXStreamer - got Exception: 
java.lang.Exception: Can't start lp.Manager@48ecbafe with JPro. lp.Manager@48ecbafe does not extend javafx.application.Application
	at com.jpro.internal.config.ApplicationStarter$.$anonfun$startApplication$2(ApplicationStarter.scala:116)
	at simplefx.cores.interfaces.parts.testing.CoreTesting.inFX(CoreTesting.scala:21)
	at simplefx.cores.interfaces.parts.testing.CoreTesting.inFX$(CoreTesting.scala:18)
	at simplefx.cores.standard.Core.inFX(Core.scala:9)
	at com.jpro.internal.config.ApplicationStarter$.startApplication(ApplicationStarter.scala:111)
	at com.jpro.internal.config.ApplicationStarter$.requestApplication(ApplicationStarter.scala:94)
	at com.jpro.internal.config.ApplicationStarter$.getApplication(ApplicationStarter.scala:60)
	at com.jpro.internal.communicator.ViewImpl.<init>(ViewImpl.scala:43)
	at com.jpro.internal.server.ViewByActor.<init>(ViewSerializerActor.scala:159)
	at com.jpro.internal.server.ViewSerializerActor$$anonfun$handleFirstClientMessage$1.$anonfun$applyOrElse$2(ViewSerializerActor.scala:84)
	at simplefx.cores.standard.parts.CoreTimeEvent$$anon$3.run(CoreTimeEvent.scala:62)
	at com.sun.javafx.application.PlatformImpl.lambda$runLater$10(PlatformImpl.java:457)
	at java.base/java.security.AccessController.doPrivileged(AccessController.java:400)
	at com.sun.javafx.application.PlatformImpl.lambda$runLater$11(PlatformImpl.java:456)
	at com.sun.glass.ui.monocle.RunnableProcessor.runLoop(RunnableProcessor.java:92)
	at com.sun.glass.ui.monocle.RunnableProcessor.run(RunnableProcessor.java:51)
	at java.base/java.lang.Thread.run(Thread.java:1583)
2025-11-19 23:50:41,017 [INFO] from controllers.jpro in application-akka.actor.default-dispatcher-17 - application requested: default
2025-11-19 23:50:41,018 [INFO] from controllers.jpro in application-akka.actor.default-dispatcher-17 - Creating Application: default
2025-11-19 23:50:41,018 [INFO] from controllers.jpro in application-akka.actor.default-dispatcher-17 - remoteAddress 0:0:0:0:0:0:0:1
2025-11-19 23:50:41,018 [INFO] from controllers.jpro in application-akka.actor.default-dispatcher-17 - host          localhost:8080
2025-11-19 23:50:41,018 [INFO] from controllers.jpro in application-akka.actor.default-dispatcher-17 - uri           /app/ws/default
2025-11-19 23:50:41,030 [ERROR] from com.jpro.internal.server.ViewSerializerActor in JavaFX Application Thread - JavaFXStreamer - got Exception: 
java.lang.Exception: Can't start lp.Manager@7bb05910 with JPro. lp.Manager@7bb05910 does not extend javafx.application.Application
	at com.jpro.internal.config.ApplicationStarter$.$anonfun$startApplication$2(ApplicationStarter.scala:116)
	at simplefx.cores.interfaces.parts.testing.CoreTesting.inFX(CoreTesting.scala:21)
	at simplefx.cores.interfaces.parts.testing.CoreTesting.inFX$(CoreTesting.scala:18)
	at simplefx.cores.standard.Core.inFX(Core.scala:9)
	at com.jpro.internal.config.ApplicationStarter$.startApplication(ApplicationStarter.scala:111)
	at com.jpro.internal.config.ApplicationStarter$.requestApplication(ApplicationStarter.scala:94)
	at com.jpro.internal.config.ApplicationStarter$.getApplication(ApplicationStarter.scala:60)
	at com.jpro.internal.communicator.ViewImpl.<init>(ViewImpl.scala:43)
	at com.jpro.internal.server.ViewByActor.<init>(ViewSerializerActor.scala:159)
	at com.jpro.internal.server.ViewSerializerActor$$anonfun$handleFirstClientMessage$1.$anonfun$applyOrElse$2(ViewSerializerActor.scala:84)
	at simplefx.cores.standard.parts.CoreTimeEvent$$anon$3.run(CoreTimeEvent.scala:62)
	at com.sun.javafx.application.PlatformImpl.lambda$runLater$10(PlatformImpl.java:457)
	at java.base/java.security.AccessController.doPrivileged(AccessController.java:400)
	at com.sun.javafx.application.PlatformImpl.lambda$runLater$11(PlatformImpl.java:456)
	at com.sun.glass.ui.monocle.RunnableProcessor.runLoop(RunnableProcessor.java:92)
	at com.sun.glass.ui.monocle.RunnableProcessor.run(RunnableProcessor.java:51)
	at java.base/java.lang.Thread.run(Thread.java:1583)
2025-11-19 23:50:43,049 [INFO] from controllers.jpro in application-akka.actor.default-dispatcher-5 - application requested: default
2025-11-19 23:50:43,049 [INFO] from controllers.jpro in application-akka.actor.default-dispatcher-5 - Creating Application: default
2025-11-19 23:50:43,049 [INFO] from controllers.jpro in application-akka.actor.default-dispatcher-5 - remoteAddress 0:0:0:0:0:0:0:1
2025-11-19 23:50:43,049 [INFO] from controllers.jpro in application-akka.actor.default-dispatcher-5 - host          localhost:8080
2025-11-19 23:50:43,049 [INFO] from controllers.jpro in application-akka.actor.default-dispatcher-5 - uri           /app/ws/default
2025-11-19 23:50:43,067 [ERROR] from com.jpro.internal.server.ViewSerializerActor in JavaFX Application Thread - JavaFXStreamer - got Exception: 
java.lang.Exception: Can't start lp.Manager@2b07a98f with JPro. lp.Manager@2b07a98f does not extend javafx.application.Application
	at com.jpro.internal.config.ApplicationStarter$.$anonfun$startApplication$2(ApplicationStarter.scala:116)
	at simplefx.cores.interfaces.parts.testing.CoreTesting.inFX(CoreTesting.scala:21)
	at simplefx.cores.interfaces.parts.testing.CoreTesting.inFX$(CoreTesting.scala:18)
	at simplefx.cores.standard.Core.inFX(Core.scala:9)
	at com.jpro.internal.config.ApplicationStarter$.startApplication(ApplicationStarter.scala:111)
	at com.jpro.internal.config.ApplicationStarter$.requestApplication(ApplicationStarter.scala:94)
	at com.jpro.internal.config.ApplicationStarter$.getApplication(ApplicationStarter.scala:60)
	at com.jpro.internal.communicator.ViewImpl.<init>(ViewImpl.scala:43)
	at com.jpro.internal.server.ViewByActor.<init>(ViewSerializerActor.scala:159)
	at com.jpro.internal.server.ViewSerializerActor$$anonfun$handleFirstClientMessage$1.$anonfun$applyOrElse$2(ViewSerializerActor.scala:84)
	at simplefx.cores.standard.parts.CoreTimeEvent$$anon$3.run(CoreTimeEvent.scala:62)
	at com.sun.javafx.application.PlatformImpl.lambda$runLater$10(PlatformImpl.java:457)
	at java.base/java.security.AccessController.doPrivileged(AccessController.java:400)
	at com.sun.javafx.application.PlatformImpl.lambda$runLater$11(PlatformImpl.java:456)
	at com.sun.glass.ui.monocle.RunnableProcessor.runLoop(RunnableProcessor.java:92)
	at com.sun.glass.ui.monocle.RunnableProcessor.run(RunnableProcessor.java:51)
	at java.base/java.lang.Thread.run(Thread.java:1583)
2025-11-19 23:50:45,097 [INFO] from controllers.jpro in application-akka.actor.default-dispatcher-14 - application requested: default
2025-11-19 23:50:45,097 [INFO] from controllers.jpro in application-akka.actor.default-dispatcher-14 - Creating Application: default
2025-11-19 23:50:45,098 [INFO] from controllers.jpro in application-akka.actor.default-dispatcher-14 - remoteAddress 0:0:0:0:0:0:0:1
2025-11-19 23:50:45,098 [INFO] from controllers.jpro in application-akka.actor.default-dispatcher-14 - host          localhost:8080
2025-11-19 23:50:45,098 [INFO] from controllers.jpro in application-akka.actor.default-dispatcher-14 - uri           /app/ws/default
2025-11-19 23:50:45,110 [ERROR] from com.jpro.internal.server.ViewSerializerActor in JavaFX Application Thread - JavaFXStreamer - got Exception: 
java.lang.Exception: Can't start lp.Manager@6baa69a3 with JPro. lp.Manager@6baa69a3 does not extend javafx.application.Application
	at com.jpro.internal.config.ApplicationStarter$.$anonfun$startApplication$2(ApplicationStarter.scala:116)
	at simplefx.cores.interfaces.parts.testing.CoreTesting.inFX(CoreTesting.scala:21)
	at simplefx.cores.interfaces.parts.testing.CoreTesting.inFX$(CoreTesting.scala:18)
	at simplefx.cores.standard.Core.inFX(Core.scala:9)
	at com.jpro.internal.config.ApplicationStarter$.startApplication(ApplicationStarter.scala:111)
	at com.jpro.internal.config.ApplicationStarter$.requestApplication(ApplicationStarter.scala:94)
	at com.jpro.internal.config.ApplicationStarter$.getApplication(ApplicationStarter.scala:60)
	at com.jpro.internal.communicator.ViewImpl.<init>(ViewImpl.scala:43)
	at com.jpro.internal.server.ViewByActor.<init>(ViewSerializerActor.scala:159)
	at com.jpro.internal.server.ViewSerializerActor$$anonfun$handleFirstClientMessage$1.$anonfun$applyOrElse$2(ViewSerializerActor.scala:84)
	at simplefx.cores.standard.parts.CoreTimeEvent$$anon$3.run(CoreTimeEvent.scala:62)
	at com.sun.javafx.application.PlatformImpl.lambda$runLater$10(PlatformImpl.java:457)
	at java.base/java.security.AccessController.doPrivileged(AccessController.java:400)
	at com.sun.javafx.application.PlatformImpl.lambda$runLater$11(PlatformImpl.java:456)
	at com.sun.glass.ui.monocle.RunnableProcessor.runLoop(RunnableProcessor.java:92)
	at com.sun.glass.ui.monocle.RunnableProcessor.run(RunnableProcessor.java:51)
	at java.base/java.lang.Thread.run(Thread.java:1583)
2025-11-19 23:50:47,135 [INFO] from controllers.jpro in application-akka.actor.default-dispatcher-18 - application requested: default
2025-11-19 23:50:47,135 [INFO] from controllers.jpro in application-akka.actor.default-dispatcher-18 - Creating Application: default
2025-11-19 23:50:47,135 [INFO] from controllers.jpro in application-akka.actor.default-dispatcher-18 - remoteAddress 0:0:0:0:0:0:0:1
2025-11-19 23:50:47,135 [INFO] from controllers.jpro in application-akka.actor.default-dispatcher-18 - host          localhost:8080
2025-11-19 23:50:47,135 [INFO] from controllers.jpro in application-akka.actor.default-dispatcher-18 - uri           /app/ws/default
2025-11-19 23:50:47,163 [ERROR] from com.jpro.internal.server.ViewSerializerActor in JavaFX Application Thread - JavaFXStreamer - got Exception: 
java.lang.Exception: Can't start lp.Manager@75a9241f with JPro. lp.Manager@75a9241f does not extend javafx.application.Application
	at com.jpro.internal.config.ApplicationStarter$.$anonfun$startApplication$2(ApplicationStarter.scala:116)
	at simplefx.cores.interfaces.parts.testing.CoreTesting.inFX(CoreTesting.scala:21)
	at simplefx.cores.interfaces.parts.testing.CoreTesting.inFX$(CoreTesting.scala:18)
	at simplefx.cores.standard.Core.inFX(Core.scala:9)
	at com.jpro.internal.config.ApplicationStarter$.startApplication(ApplicationStarter.scala:111)
	at com.jpro.internal.config.ApplicationStarter$.requestApplication(ApplicationStarter.scala:94)
	at com.jpro.internal.config.ApplicationStarter$.getApplication(ApplicationStarter.scala:60)
	at com.jpro.internal.communicator.ViewImpl.<init>(ViewImpl.scala:43)
	at com.jpro.internal.server.ViewByActor.<init>(ViewSerializerActor.scala:159)
	at com.jpro.internal.server.ViewSerializerActor$$anonfun$handleFirstClientMessage$1.$anonfun$applyOrElse$2(ViewSerializerActor.scala:84)
	at simplefx.cores.standard.parts.CoreTimeEvent$$anon$3.run(CoreTimeEvent.scala:62)
	at com.sun.javafx.application.PlatformImpl.lambda$runLater$10(PlatformImpl.java:457)
	at java.base/java.security.AccessController.doPrivileged(AccessController.java:400)
	at com.sun.javafx.application.PlatformImpl.lambda$runLater$11(PlatformImpl.java:456)
	at com.sun.glass.ui.monocle.RunnableProcessor.runLoop(RunnableProcessor.java:92)
	at com.sun.glass.ui.monocle.RunnableProcessor.run(RunnableProcessor.java:51)
	at java.base/java.lang.Thread.run(Thread.java:1583)
2025-11-19 23:50:49,193 [INFO] from controllers.jpro in application-akka.actor.default-dispatcher-10 - application requested: default
2025-11-19 23:50:49,194 [INFO] from controllers.jpro in application-akka.actor.default-dispatcher-10 - Creating Application: default
2025-11-19 23:50:49,194 [INFO] from controllers.jpro in application-akka.actor.default-dispatcher-10 - remoteAddress 0:0:0:0:0:0:0:1
2025-11-19 23:50:49,194 [INFO] from controllers.jpro in application-akka.actor.default-dispatcher-10 - host          localhost:8080
2025-11-19 23:50:49,194 [INFO] from controllers.jpro in application-akka.actor.default-dispatcher-10 - uri           /app/ws/default
2025-11-19 23:50:49,215 [ERROR] from com.jpro.internal.server.ViewSerializerActor in JavaFX Application Thread - JavaFXStreamer - got Exception: 
java.lang.Exception: Can't start lp.Manager@140f346 with JPro. lp.Manager@140f346 does not extend javafx.application.Application
	at com.jpro.internal.config.ApplicationStarter$.$anonfun$startApplication$2(ApplicationStarter.scala:116)
	at simplefx.cores.interfaces.parts.testing.CoreTesting.inFX(CoreTesting.scala:21)
	at simplefx.cores.interfaces.parts.testing.CoreTesting.inFX$(CoreTesting.scala:18)
	at simplefx.cores.standard.Core.inFX(Core.scala:9)
	at com.jpro.internal.config.ApplicationStarter$.startApplication(ApplicationStarter.scala:111)
	at com.jpro.internal.config.ApplicationStarter$.requestApplication(ApplicationStarter.scala:94)
	at com.jpro.internal.config.ApplicationStarter$.getApplication(ApplicationStarter.scala:60)
	at com.jpro.internal.communicator.ViewImpl.<init>(ViewImpl.scala:43)
	at com.jpro.internal.server.ViewByActor.<init>(ViewSerializerActor.scala:159)
	at com.jpro.internal.server.ViewSerializerActor$$anonfun$handleFirstClientMessage$1.$anonfun$applyOrElse$2(ViewSerializerActor.scala:84)
	at simplefx.cores.standard.parts.CoreTimeEvent$$anon$3.run(CoreTimeEvent.scala:62)
	at com.sun.javafx.application.PlatformImpl.lambda$runLater$10(PlatformImpl.java:457)
	at java.base/java.security.AccessController.doPrivileged(AccessController.java:400)
	at com.sun.javafx.application.PlatformImpl.lambda$runLater$11(PlatformImpl.java:456)
	at com.sun.glass.ui.monocle.RunnableProcessor.runLoop(RunnableProcessor.java:92)
	at com.sun.glass.ui.monocle.RunnableProcessor.run(RunnableProcessor.java:51)
	at java.base/java.lang.Thread.run(Thread.java:1583)
2025-11-19 23:50:51,245 [INFO] from controllers.jpro in application-akka.actor.default-dispatcher-17 - application requested: default
2025-11-19 23:50:51,245 [INFO] from controllers.jpro in application-akka.actor.default-dispatcher-17 - Creating Application: default
2025-11-19 23:50:51,245 [INFO] from controllers.jpro in application-akka.actor.default-dispatcher-17 - remoteAddress 0:0:0:0:0:0:0:1
2025-11-19 23:50:51,246 [INFO] from controllers.jpro in application-akka.actor.default-dispatcher-17 - host          localhost:8080
2025-11-19 23:50:51,246 [INFO] from controllers.jpro in application-akka.actor.default-dispatcher-17 - uri           /app/ws/default
2025-11-19 23:50:51,260 [ERROR] from com.jpro.internal.server.ViewSerializerActor in JavaFX Application Thread - JavaFXStreamer - got Exception: 
java.lang.Exception: Can't start lp.Manager@7b569124 with JPro. lp.Manager@7b569124 does not extend javafx.application.Application
	at com.jpro.internal.config.ApplicationStarter$.$anonfun$startApplication$2(ApplicationStarter.scala:116)
	at simplefx.cores.interfaces.parts.testing.CoreTesting.inFX(CoreTesting.scala:21)
	at simplefx.cores.interfaces.parts.testing.CoreTesting.inFX$(CoreTesting.scala:18)
	at simplefx.cores.standard.Core.inFX(Core.scala:9)
	at com.jpro.internal.config.ApplicationStarter$.startApplication(ApplicationStarter.scala:111)
	at com.jpro.internal.config.ApplicationStarter$.requestApplication(ApplicationStarter.scala:94)
	at com.jpro.internal.config.ApplicationStarter$.getApplication(ApplicationStarter.scala:60)
	at com.jpro.internal.communicator.ViewImpl.<init>(ViewImpl.scala:43)
	at com.jpro.internal.server.ViewByActor.<init>(ViewSerializerActor.scala:159)
	at com.jpro.internal.server.ViewSerializerActor$$anonfun$handleFirstClientMessage$1.$anonfun$applyOrElse$2(ViewSerializerActor.scala:84)
	at simplefx.cores.standard.parts.CoreTimeEvent$$anon$3.run(CoreTimeEvent.scala:62)
	at com.sun.javafx.application.PlatformImpl.lambda$runLater$10(PlatformImpl.java:457)
	at java.base/java.security.AccessController.doPrivileged(AccessController.java:400)
	at com.sun.javafx.application.PlatformImpl.lambda$runLater$11(PlatformImpl.java:456)
	at com.sun.glass.ui.monocle.RunnableProcessor.runLoop(RunnableProcessor.java:92)
	at com.sun.glass.ui.monocle.RunnableProcessor.run(RunnableProcessor.java:51)
	at java.base/java.lang.Thread.run(Thread.java:1583)
2025-11-19 23:50:53,277 [INFO] from controllers.jpro in application-akka.actor.default-dispatcher-5 - application requested: default
2025-11-19 23:50:53,278 [INFO] from controllers.jpro in application-akka.actor.default-dispatcher-5 - Creating Application: default
2025-11-19 23:50:53,278 [INFO] from controllers.jpro in application-akka.actor.default-dispatcher-5 - remoteAddress 0:0:0:0:0:0:0:1
2025-11-19 23:50:53,278 [INFO] from controllers.jpro in application-akka.actor.default-dispatcher-5 - host          localhost:8080
2025-11-19 23:50:53,278 [INFO] from controllers.jpro in application-akka.actor.default-dispatcher-5 - uri           /app/ws/default
2025-11-19 23:50:53,290 [ERROR] from com.jpro.internal.server.ViewSerializerActor in JavaFX Application Thread - JavaFXStreamer - got Exception: 
java.lang.Exception: Can't start lp.Manager@3f42c085 with JPro. lp.Manager@3f42c085 does not extend javafx.application.Application
	at com.jpro.internal.config.ApplicationStarter$.$anonfun$startApplication$2(ApplicationStarter.scala:116)
	at simplefx.cores.interfaces.parts.testing.CoreTesting.inFX(CoreTesting.scala:21)
	at simplefx.cores.interfaces.parts.testing.CoreTesting.inFX$(CoreTesting.scala:18)
	at simplefx.cores.standard.Core.inFX(Core.scala:9)
	at com.jpro.internal.config.ApplicationStarter$.startApplication(ApplicationStarter.scala:111)
	at com.jpro.internal.config.ApplicationStarter$.requestApplication(ApplicationStarter.scala:94)
	at com.jpro.internal.config.ApplicationStarter$.getApplication(ApplicationStarter.scala:60)
	at com.jpro.internal.communicator.ViewImpl.<init>(ViewImpl.scala:43)
	at com.jpro.internal.server.ViewByActor.<init>(ViewSerializerActor.scala:159)
	at com.jpro.internal.server.ViewSerializerActor$$anonfun$handleFirstClientMessage$1.$anonfun$applyOrElse$2(ViewSerializerActor.scala:84)
	at simplefx.cores.standard.parts.CoreTimeEvent$$anon$3.run(CoreTimeEvent.scala:62)
	at com.sun.javafx.application.PlatformImpl.lambda$runLater$10(PlatformImpl.java:457)
	at java.base/java.security.AccessController.doPrivileged(AccessController.java:400)
	at com.sun.javafx.application.PlatformImpl.lambda$runLater$11(PlatformImpl.java:456)
	at com.sun.glass.ui.monocle.RunnableProcessor.runLoop(RunnableProcessor.java:92)
	at com.sun.glass.ui.monocle.RunnableProcessor.run(RunnableProcessor.java:51)
	at java.base/java.lang.Thread.run(Thread.java:1583)
2025-11-19 23:50:55,311 [INFO] from controllers.jpro in application-akka.actor.default-dispatcher-14 - application requested: default
2025-11-19 23:50:55,311 [INFO] from controllers.jpro in application-akka.actor.default-dispatcher-14 - Creating Application: default
2025-11-19 23:50:55,311 [INFO] from controllers.jpro in application-akka.actor.default-dispatcher-14 - remoteAddress 0:0:0:0:0:0:0:1
2025-11-19 23:50:55,311 [INFO] from controllers.jpro in application-akka.actor.default-dispatcher-14 - host          localhost:8080
2025-11-19 23:50:55,311 [INFO] from controllers.jpro in application-akka.actor.default-dispatcher-14 - uri           /app/ws/default
2025-11-19 23:50:55,321 [ERROR] from com.jpro.internal.server.ViewSerializerActor in JavaFX Application Thread - JavaFXStreamer - got Exception: 
java.lang.Exception: Can't start lp.Manager@2908b234 with JPro. lp.Manager@2908b234 does not extend javafx.application.Application
	at com.jpro.internal.config.ApplicationStarter$.$anonfun$startApplication$2(ApplicationStarter.scala:116)
	at simplefx.cores.interfaces.parts.testing.CoreTesting.inFX(CoreTesting.scala:21)
	at simplefx.cores.interfaces.parts.testing.CoreTesting.inFX$(CoreTesting.scala:18)
	at simplefx.cores.standard.Core.inFX(Core.scala:9)
	at com.jpro.internal.config.ApplicationStarter$.startApplication(ApplicationStarter.scala:111)
	at com.jpro.internal.config.ApplicationStarter$.requestApplication(ApplicationStarter.scala:94)
	at com.jpro.internal.config.ApplicationStarter$.getApplication(ApplicationStarter.scala:60)
	at com.jpro.internal.communicator.ViewImpl.<init>(ViewImpl.scala:43)
	at com.jpro.internal.server.ViewByActor.<init>(ViewSerializerActor.scala:159)
	at com.jpro.internal.server.ViewSerializerActor$$anonfun$handleFirstClientMessage$1.$anonfun$applyOrElse$2(ViewSerializerActor.scala:84)
	at simplefx.cores.standard.parts.CoreTimeEvent$$anon$3.run(CoreTimeEvent.scala:62)
	at com.sun.javafx.application.PlatformImpl.lambda$runLater$10(PlatformImpl.java:457)
	at java.base/java.security.AccessController.doPrivileged(AccessController.java:400)
	at com.sun.javafx.application.PlatformImpl.lambda$runLater$11(PlatformImpl.java:456)
	at com.sun.glass.ui.monocle.RunnableProcessor.runLoop(RunnableProcessor.java:92)
	at com.sun.glass.ui.monocle.RunnableProcessor.run(RunnableProcessor.java:51)
	at java.base/java.lang.Thread.run(Thread.java:1583)
2025-11-19 23:50:57,342 [INFO] from controllers.jpro in application-akka.actor.default-dispatcher-14 - application requested: default
2025-11-19 23:50:57,343 [INFO] from controllers.jpro in application-akka.actor.default-dispatcher-14 - Creating Application: default
2025-11-19 23:50:57,343 [INFO] from controllers.jpro in application-akka.actor.default-dispatcher-14 - remoteAddress 0:0:0:0:0:0:0:1
2025-11-19 23:50:57,343 [INFO] from controllers.jpro in application-akka.actor.default-dispatcher-14 - host          localhost:8080
2025-11-19 23:50:57,343 [INFO] from controllers.jpro in application-akka.actor.default-dispatcher-14 - uri           /app/ws/default
2025-11-19 23:50:57,351 [ERROR] from com.jpro.internal.server.ViewSerializerActor in JavaFX Application Thread - JavaFXStreamer - got Exception: 
java.lang.Exception: Can't start lp.Manager@4f47acc8 with JPro. lp.Manager@4f47acc8 does not extend javafx.application.Application
	at com.jpro.internal.config.ApplicationStarter$.$anonfun$startApplication$2(ApplicationStarter.scala:116)
	at simplefx.cores.interfaces.parts.testing.CoreTesting.inFX(CoreTesting.scala:21)
	at simplefx.cores.interfaces.parts.testing.CoreTesting.inFX$(CoreTesting.scala:18)
	at simplefx.cores.standard.Core.inFX(Core.scala:9)
	at com.jpro.internal.config.ApplicationStarter$.startApplication(ApplicationStarter.scala:111)
	at com.jpro.internal.config.ApplicationStarter$.requestApplication(ApplicationStarter.scala:94)
	at com.jpro.internal.config.ApplicationStarter$.getApplication(ApplicationStarter.scala:60)
	at com.jpro.internal.communicator.ViewImpl.<init>(ViewImpl.scala:43)
	at com.jpro.internal.server.ViewByActor.<init>(ViewSerializerActor.scala:159)
	at com.jpro.internal.server.ViewSerializerActor$$anonfun$handleFirstClientMessage$1.$anonfun$applyOrElse$2(ViewSerializerActor.scala:84)
	at simplefx.cores.standard.parts.CoreTimeEvent$$anon$3.run(CoreTimeEvent.scala:62)
	at com.sun.javafx.application.PlatformImpl.lambda$runLater$10(PlatformImpl.java:457)
	at java.base/java.security.AccessController.doPrivileged(AccessController.java:400)
	at com.sun.javafx.application.PlatformImpl.lambda$runLater$11(PlatformImpl.java:456)
	at com.sun.glass.ui.monocle.RunnableProcessor.runLoop(RunnableProcessor.java:92)
	at com.sun.glass.ui.monocle.RunnableProcessor.run(RunnableProcessor.java:51)
	at java.base/java.lang.Thread.run(Thread.java:1583)
2025-11-19 23:50:59,363 [INFO] from controllers.jpro in application-akka.actor.default-dispatcher-7 - application requested: default
2025-11-19 23:50:59,363 [INFO] from controllers.jpro in application-akka.actor.default-dispatcher-7 - Creating Application: default
2025-11-19 23:50:59,364 [INFO] from controllers.jpro in application-akka.actor.default-dispatcher-7 - remoteAddress 0:0:0:0:0:0:0:1
2025-11-19 23:50:59,364 [INFO] from controllers.jpro in application-akka.actor.default-dispatcher-7 - host          localhost:8080
2025-11-19 23:50:59,364 [INFO] from controllers.jpro in application-akka.actor.default-dispatcher-7 - uri           /app/ws/default
2025-11-19 23:50:59,376 [ERROR] from com.jpro.internal.server.ViewSerializerActor in JavaFX Application Thread - JavaFXStreamer - got Exception: 
java.lang.Exception: Can't start lp.Manager@30968cb with JPro. lp.Manager@30968cb does not extend javafx.application.Application
	at com.jpro.internal.config.ApplicationStarter$.$anonfun$startApplication$2(ApplicationStarter.scala:116)
	at simplefx.cores.interfaces.parts.testing.CoreTesting.inFX(CoreTesting.scala:21)
	at simplefx.cores.interfaces.parts.testing.CoreTesting.inFX$(CoreTesting.scala:18)
	at simplefx.cores.standard.Core.inFX(Core.scala:9)
	at com.jpro.internal.config.ApplicationStarter$.startApplication(ApplicationStarter.scala:111)
	at com.jpro.internal.config.ApplicationStarter$.requestApplication(ApplicationStarter.scala:94)
	at com.jpro.internal.config.ApplicationStarter$.getApplication(ApplicationStarter.scala:60)
	at com.jpro.internal.communicator.ViewImpl.<init>(ViewImpl.scala:43)
	at com.jpro.internal.server.ViewByActor.<init>(ViewSerializerActor.scala:159)
	at com.jpro.internal.server.ViewSerializerActor$$anonfun$handleFirstClientMessage$1.$anonfun$applyOrElse$2(ViewSerializerActor.scala:84)
	at simplefx.cores.standard.parts.CoreTimeEvent$$anon$3.run(CoreTimeEvent.scala:62)
	at com.sun.javafx.application.PlatformImpl.lambda$runLater$10(PlatformImpl.java:457)
	at java.base/java.security.AccessController.doPrivileged(AccessController.java:400)
	at com.sun.javafx.application.PlatformImpl.lambda$runLater$11(PlatformImpl.java:456)
	at com.sun.glass.ui.monocle.RunnableProcessor.runLoop(RunnableProcessor.java:92)
	at com.sun.glass.ui.monocle.RunnableProcessor.run(RunnableProcessor.java:51)
	at java.base/java.lang.Thread.run(Thread.java:1583)
2025-11-19 23:51:01,427 [INFO] from controllers.jpro in application-akka.actor.default-dispatcher-5 - application requested: default
2025-11-19 23:51:01,428 [INFO] from controllers.jpro in application-akka.actor.default-dispatcher-5 - Creating Application: default
2025-11-19 23:51:01,428 [INFO] from controllers.jpro in application-akka.actor.default-dispatcher-5 - remoteAddress 0:0:0:0:0:0:0:1
2025-11-19 23:51:01,428 [INFO] from controllers.jpro in application-akka.actor.default-dispatcher-5 - host          localhost:8080
2025-11-19 23:51:01,428 [INFO] from controllers.jpro in application-akka.actor.default-dispatcher-5 - uri           /app/ws/default
2025-11-19 23:51:01,438 [ERROR] from com.jpro.internal.server.ViewSerializerActor in JavaFX Application Thread - JavaFXStreamer - got Exception: 
java.lang.Exception: Can't start lp.Manager@5727f4ce with JPro. lp.Manager@5727f4ce does not extend javafx.application.Application
	at com.jpro.internal.config.ApplicationStarter$.$anonfun$startApplication$2(ApplicationStarter.scala:116)
	at simplefx.cores.interfaces.parts.testing.CoreTesting.inFX(CoreTesting.scala:21)
	at simplefx.cores.interfaces.parts.testing.CoreTesting.inFX$(CoreTesting.scala:18)
	at simplefx.cores.standard.Core.inFX(Core.scala:9)
	at com.jpro.internal.config.ApplicationStarter$.startApplication(ApplicationStarter.scala:111)
	at com.jpro.internal.config.ApplicationStarter$.requestApplication(ApplicationStarter.scala:94)
	at com.jpro.internal.config.ApplicationStarter$.getApplication(ApplicationStarter.scala:60)
	at com.jpro.internal.communicator.ViewImpl.<init>(ViewImpl.scala:43)
	at com.jpro.internal.server.ViewByActor.<init>(ViewSerializerActor.scala:159)
	at com.jpro.internal.server.ViewSerializerActor$$anonfun$handleFirstClientMessage$1.$anonfun$applyOrElse$2(ViewSerializerActor.scala:84)
	at simplefx.cores.standard.parts.CoreTimeEvent$$anon$3.run(CoreTimeEvent.scala:62)
	at com.sun.javafx.application.PlatformImpl.lambda$runLater$10(PlatformImpl.java:457)
	at java.base/java.security.AccessController.doPrivileged(AccessController.java:400)
	at com.sun.javafx.application.PlatformImpl.lambda$runLater$11(PlatformImpl.java:456)
	at com.sun.glass.ui.monocle.RunnableProcessor.runLoop(RunnableProcessor.java:92)
	at com.sun.glass.ui.monocle.RunnableProcessor.run(RunnableProcessor.java:51)
	at java.base/java.lang.Thread.run(Thread.java:1583)
2025-11-19 23:51:03,464 [INFO] from controllers.jpro in application-akka.actor.default-dispatcher-19 - application requested: default
2025-11-19 23:51:03,465 [INFO] from controllers.jpro in application-akka.actor.default-dispatcher-19 - Creating Application: default
2025-11-19 23:51:03,465 [INFO] from controllers.jpro in application-akka.actor.default-dispatcher-19 - remoteAddress 0:0:0:0:0:0:0:1
2025-11-19 23:51:03,466 [INFO] from controllers.jpro in application-akka.actor.default-dispatcher-19 - host          localhost:8080
2025-11-19 23:51:03,466 [INFO] from controllers.jpro in application-akka.actor.default-dispatcher-19 - uri           /app/ws/default
2025-11-19 23:51:03,479 [ERROR] from com.jpro.internal.server.ViewSerializerActor in JavaFX Application Thread - JavaFXStreamer - got Exception: 
java.lang.Exception: Can't start lp.Manager@17246859 with JPro. lp.Manager@17246859 does not extend javafx.application.Application
	at com.jpro.internal.config.ApplicationStarter$.$anonfun$startApplication$2(ApplicationStarter.scala:116)
	at simplefx.cores.interfaces.parts.testing.CoreTesting.inFX(CoreTesting.scala:21)
	at simplefx.cores.interfaces.parts.testing.CoreTesting.inFX$(CoreTesting.scala:18)
	at simplefx.cores.standard.Core.inFX(Core.scala:9)
	at com.jpro.internal.config.ApplicationStarter$.startApplication(ApplicationStarter.scala:111)
	at com.jpro.internal.config.ApplicationStarter$.requestApplication(ApplicationStarter.scala:94)
	at com.jpro.internal.config.ApplicationStarter$.getApplication(ApplicationStarter.scala:60)
	at com.jpro.internal.communicator.ViewImpl.<init>(ViewImpl.scala:43)
	at com.jpro.internal.server.ViewByActor.<init>(ViewSerializerActor.scala:159)
	at com.jpro.internal.server.ViewSerializerActor$$anonfun$handleFirstClientMessage$1.$anonfun$applyOrElse$2(ViewSerializerActor.scala:84)
	at simplefx.cores.standard.parts.CoreTimeEvent$$anon$3.run(CoreTimeEvent.scala:62)
	at com.sun.javafx.application.PlatformImpl.lambda$runLater$10(PlatformImpl.java:457)
	at java.base/java.security.AccessController.doPrivileged(AccessController.java:400)
	at com.sun.javafx.application.PlatformImpl.lambda$runLater$11(PlatformImpl.java:456)
	at com.sun.glass.ui.monocle.RunnableProcessor.runLoop(RunnableProcessor.java:92)
	at com.sun.glass.ui.monocle.RunnableProcessor.run(RunnableProcessor.java:51)
	at java.base/java.lang.Thread.run(Thread.java:1583)
2025-11-19 23:51:05,984 [INFO] from com.jpro.activity in scala-execution-context-global-30 - Starting the server
2025-11-19 23:51:05,990 [INFO] from com.jpro.internal.server.JProInitializer$ in scala-execution-context-global-30 -  *** Starting JPro: https://www.jpro.one/ ***
2025-11-19 23:51:05,990 [INFO] from com.jpro.internal.server.JProInitializer$ in scala-execution-context-global-30 - OS: Windows 10
2025-11-19 23:51:06,028 [INFO] from com.jpro.internal.server.JProInitializer$ in scala-execution-context-global-30 - JPro: 2024.2.1
2025-11-19 23:51:06,028 [INFO] from com.jpro.internal.server.JProInitializer$ in scala-execution-context-global-30 - Java version: 21.0.8
2025-11-19 23:51:06,028 [INFO] from com.jpro.internal.server.JProInitializer$ in scala-execution-context-global-30 - JVM: 21.0.8 Oracle Corporation
2025-11-19 23:51:06,031 [INFO] from com.jpro.internal.server.JProInitializer$ in scala-execution-context-global-30 - JavaFX jar: file:/C:/Users/Lubor/.m2/repository/org/openjfx/javafx-graphics/22.0.2-jpro/javafx-graphics-22.0.2-jpro-win.jar
2025-11-19 23:51:06,034 [INFO] from com.jpro.internal.server.JProInitializer$ in scala-execution-context-global-30 - Configuring logging from url: 'jar:file:/C:/Users/Lubor/.m2/repository/com/sandec/jpro/jpro-server_2.12/2024.2.1/jpro-server_2.12-2024.2.1.jar!/logback-jpro-default.xml'
2025-11-19 23:51:07,263 [INFO] from com.jpro.internal.server.JProInitializer$ in JavaFX Application Thread - JavaFX version: 22.0.2-jpro+0
2025-11-19 23:51:07,427 [INFO] from com.jpro.internal.server.JProInitializer$ in scala-execution-context-global-30 - finished init!
2025-11-19 23:51:07,430 [INFO] from com.jpro.internal.server.JProInitializer$ in scala-execution-context-global-30 - [JPro] -> Server started: {start_time: 1763592665983, os_name: Windows 10, jpro_version: 2024.2.1}
2025-11-19 23:51:07,567 [INFO] from akka.event.slf4j.Slf4jLogger in application-akka.actor.default-dispatcher-5 - Slf4jLogger started
2025-11-19 23:51:08,350 [INFO] from play.api.Play in Thread-0 - Application started (Prod) (no global state)
2025-11-19 23:51:09,027 [INFO] from play.core.server.AkkaHttpServer in Thread-0 - Enabling HTTP/2 on Akka HTTP server...
2025-11-19 23:51:09,029 [INFO] from play.core.server.AkkaHttpServer in Thread-0 - Listening for HTTP on /[0:0:0:0:0:0:0:0]:8080
2025-11-19 23:51:10,240 [INFO] from controllers.jpro in application-akka.actor.default-dispatcher-5 - application requested: default
2025-11-19 23:51:10,249 [INFO] from controllers.jpro in application-akka.actor.default-dispatcher-5 - Creating Application: default
2025-11-19 23:51:10,252 [INFO] from controllers.jpro in application-akka.actor.default-dispatcher-5 - remoteAddress 0:0:0:0:0:0:0:1
2025-11-19 23:51:10,256 [INFO] from controllers.jpro in application-akka.actor.default-dispatcher-5 - host          localhost:8080
2025-11-19 23:51:10,256 [INFO] from controllers.jpro in application-akka.actor.default-dispatcher-5 - uri           /app/ws/default
2025-11-19 23:51:10,616 [ERROR] from com.jpro.internal.server.ViewSerializerActor in JavaFX Application Thread - JavaFXStreamer - got Exception: 
java.lang.Exception: Can't start lp.Manager@736c47a9 with JPro. lp.Manager@736c47a9 does not extend javafx.application.Application
	at com.jpro.internal.config.ApplicationStarter$.$anonfun$startApplication$2(ApplicationStarter.scala:116)
	at simplefx.cores.interfaces.parts.testing.CoreTesting.inFX(CoreTesting.scala:21)
	at simplefx.cores.interfaces.parts.testing.CoreTesting.inFX$(CoreTesting.scala:18)
	at simplefx.cores.standard.Core.inFX(Core.scala:9)
	at com.jpro.internal.config.ApplicationStarter$.startApplication(ApplicationStarter.scala:111)
	at com.jpro.internal.config.ApplicationStarter$.requestApplication(ApplicationStarter.scala:94)
	at com.jpro.internal.config.ApplicationStarter$.getApplication(ApplicationStarter.scala:60)
	at com.jpro.internal.communicator.ViewImpl.<init>(ViewImpl.scala:43)
	at com.jpro.internal.server.ViewByActor.<init>(ViewSerializerActor.scala:159)
	at com.jpro.internal.server.ViewSerializerActor$$anonfun$handleFirstClientMessage$1.$anonfun$applyOrElse$2(ViewSerializerActor.scala:84)
	at simplefx.cores.standard.parts.CoreTimeEvent$$anon$3.run(CoreTimeEvent.scala:62)
	at com.sun.javafx.application.PlatformImpl.lambda$runLater$10(PlatformImpl.java:457)
	at java.base/java.security.AccessController.doPrivileged(AccessController.java:400)
	at com.sun.javafx.application.PlatformImpl.lambda$runLater$11(PlatformImpl.java:456)
	at com.sun.glass.ui.monocle.RunnableProcessor.runLoop(RunnableProcessor.java:92)
	at com.sun.glass.ui.monocle.RunnableProcessor.run(RunnableProcessor.java:51)
	at java.base/java.lang.Thread.run(Thread.java:1583)
2025-11-19 23:51:10,797 [INFO] from controllers.jpro in application-akka.actor.default-dispatcher-5 - application requested: default
2025-11-19 23:51:10,797 [INFO] from controllers.jpro in application-akka.actor.default-dispatcher-5 - Creating Application: default
2025-11-19 23:51:10,797 [INFO] from controllers.jpro in application-akka.actor.default-dispatcher-5 - remoteAddress 0:0:0:0:0:0:0:1
2025-11-19 23:51:10,797 [INFO] from controllers.jpro in application-akka.actor.default-dispatcher-5 - host          localhost:8080
2025-11-19 23:51:10,797 [INFO] from controllers.jpro in application-akka.actor.default-dispatcher-5 - uri           /app/ws/default
2025-11-19 23:51:10,835 [ERROR] from com.jpro.internal.server.ViewSerializerActor in JavaFX Application Thread - JavaFXStreamer - got Exception: 
java.lang.Exception: Can't start lp.Manager@fc84cb8 with JPro. lp.Manager@fc84cb8 does not extend javafx.application.Application
	at com.jpro.internal.config.ApplicationStarter$.$anonfun$startApplication$2(ApplicationStarter.scala:116)
	at simplefx.cores.interfaces.parts.testing.CoreTesting.inFX(CoreTesting.scala:21)
	at simplefx.cores.interfaces.parts.testing.CoreTesting.inFX$(CoreTesting.scala:18)
	at simplefx.cores.standard.Core.inFX(Core.scala:9)
	at com.jpro.internal.config.ApplicationStarter$.startApplication(ApplicationStarter.scala:111)
	at com.jpro.internal.config.ApplicationStarter$.requestApplication(ApplicationStarter.scala:94)
	at com.jpro.internal.config.ApplicationStarter$.getApplication(ApplicationStarter.scala:60)
	at com.jpro.internal.communicator.ViewImpl.<init>(ViewImpl.scala:43)
	at com.jpro.internal.server.ViewByActor.<init>(ViewSerializerActor.scala:159)
	at com.jpro.internal.server.ViewSerializerActor$$anonfun$handleFirstClientMessage$1.$anonfun$applyOrElse$2(ViewSerializerActor.scala:84)
	at simplefx.cores.standard.parts.CoreTimeEvent$$anon$3.run(CoreTimeEvent.scala:62)
	at com.sun.javafx.application.PlatformImpl.lambda$runLater$10(PlatformImpl.java:457)
	at java.base/java.security.AccessController.doPrivileged(AccessController.java:400)
	at com.sun.javafx.application.PlatformImpl.lambda$runLater$11(PlatformImpl.java:456)
	at com.sun.glass.ui.monocle.RunnableProcessor.runLoop(RunnableProcessor.java:92)
	at com.sun.glass.ui.monocle.RunnableProcessor.run(RunnableProcessor.java:51)
	at java.base/java.lang.Thread.run(Thread.java:1583)
2025-11-19 23:51:12,916 [INFO] from controllers.jpro in application-akka.actor.default-dispatcher-10 - application requested: default
2025-11-19 23:51:12,916 [INFO] from controllers.jpro in application-akka.actor.default-dispatcher-10 - Creating Application: default
2025-11-19 23:51:12,916 [INFO] from controllers.jpro in application-akka.actor.default-dispatcher-10 - remoteAddress 0:0:0:0:0:0:0:1
2025-11-19 23:51:12,917 [INFO] from controllers.jpro in application-akka.actor.default-dispatcher-10 - host          localhost:8080
2025-11-19 23:51:12,917 [INFO] from controllers.jpro in application-akka.actor.default-dispatcher-10 - uri           /app/ws/default
2025-11-19 23:51:12,936 [ERROR] from com.jpro.internal.server.ViewSerializerActor in JavaFX Application Thread - JavaFXStreamer - got Exception: 
java.lang.Exception: Can't start lp.Manager@2ae7dd2e with JPro. lp.Manager@2ae7dd2e does not extend javafx.application.Application
	at com.jpro.internal.config.ApplicationStarter$.$anonfun$startApplication$2(ApplicationStarter.scala:116)
	at simplefx.cores.interfaces.parts.testing.CoreTesting.inFX(CoreTesting.scala:21)
	at simplefx.cores.interfaces.parts.testing.CoreTesting.inFX$(CoreTesting.scala:18)
	at simplefx.cores.standard.Core.inFX(Core.scala:9)
	at com.jpro.internal.config.ApplicationStarter$.startApplication(ApplicationStarter.scala:111)
	at com.jpro.internal.config.ApplicationStarter$.requestApplication(ApplicationStarter.scala:94)
	at com.jpro.internal.config.ApplicationStarter$.getApplication(ApplicationStarter.scala:60)
	at com.jpro.internal.communicator.ViewImpl.<init>(ViewImpl.scala:43)
	at com.jpro.internal.server.ViewByActor.<init>(ViewSerializerActor.scala:159)
	at com.jpro.internal.server.ViewSerializerActor$$anonfun$handleFirstClientMessage$1.$anonfun$applyOrElse$2(ViewSerializerActor.scala:84)
	at simplefx.cores.standard.parts.CoreTimeEvent$$anon$3.run(CoreTimeEvent.scala:62)
	at com.sun.javafx.application.PlatformImpl.lambda$runLater$10(PlatformImpl.java:457)
	at java.base/java.security.AccessController.doPrivileged(AccessController.java:400)
	at com.sun.javafx.application.PlatformImpl.lambda$runLater$11(PlatformImpl.java:456)
	at com.sun.glass.ui.monocle.RunnableProcessor.runLoop(RunnableProcessor.java:92)
	at com.sun.glass.ui.monocle.RunnableProcessor.run(RunnableProcessor.java:51)
	at java.base/java.lang.Thread.run(Thread.java:1583)
2025-11-19 23:51:14,976 [INFO] from controllers.jpro in application-akka.actor.default-dispatcher-5 - application requested: default
2025-11-19 23:51:14,977 [INFO] from controllers.jpro in application-akka.actor.default-dispatcher-5 - Creating Application: default
2025-11-19 23:51:14,977 [INFO] from controllers.jpro in application-akka.actor.default-dispatcher-5 - remoteAddress 0:0:0:0:0:0:0:1
2025-11-19 23:51:14,978 [INFO] from controllers.jpro in application-akka.actor.default-dispatcher-5 - host          localhost:8080
2025-11-19 23:51:14,978 [INFO] from controllers.jpro in application-akka.actor.default-dispatcher-5 - uri           /app/ws/default
2025-11-19 23:51:15,008 [ERROR] from com.jpro.internal.server.ViewSerializerActor in JavaFX Application Thread - JavaFXStreamer - got Exception: 
java.lang.Exception: Can't start lp.Manager@2a7bc0fa with JPro. lp.Manager@2a7bc0fa does not extend javafx.application.Application
	at com.jpro.internal.config.ApplicationStarter$.$anonfun$startApplication$2(ApplicationStarter.scala:116)
	at simplefx.cores.interfaces.parts.testing.CoreTesting.inFX(CoreTesting.scala:21)
	at simplefx.cores.interfaces.parts.testing.CoreTesting.inFX$(CoreTesting.scala:18)
	at simplefx.cores.standard.Core.inFX(Core.scala:9)
	at com.jpro.internal.config.ApplicationStarter$.startApplication(ApplicationStarter.scala:111)
	at com.jpro.internal.config.ApplicationStarter$.requestApplication(ApplicationStarter.scala:94)
	at com.jpro.internal.config.ApplicationStarter$.getApplication(ApplicationStarter.scala:60)
	at com.jpro.internal.communicator.ViewImpl.<init>(ViewImpl.scala:43)
	at com.jpro.internal.server.ViewByActor.<init>(ViewSerializerActor.scala:159)
	at com.jpro.internal.server.ViewSerializerActor$$anonfun$handleFirstClientMessage$1.$anonfun$applyOrElse$2(ViewSerializerActor.scala:84)
	at simplefx.cores.standard.parts.CoreTimeEvent$$anon$3.run(CoreTimeEvent.scala:62)
	at com.sun.javafx.application.PlatformImpl.lambda$runLater$10(PlatformImpl.java:457)
	at java.base/java.security.AccessController.doPrivileged(AccessController.java:400)
	at com.sun.javafx.application.PlatformImpl.lambda$runLater$11(PlatformImpl.java:456)
	at com.sun.glass.ui.monocle.RunnableProcessor.runLoop(RunnableProcessor.java:92)
	at com.sun.glass.ui.monocle.RunnableProcessor.run(RunnableProcessor.java:51)
	at java.base/java.lang.Thread.run(Thread.java:1583)
2025-11-19 23:51:17,024 [INFO] from controllers.jpro in application-akka.actor.default-dispatcher-12 - application requested: default
2025-11-19 23:51:17,024 [INFO] from controllers.jpro in application-akka.actor.default-dispatcher-12 - Creating Application: default
2025-11-19 23:51:17,024 [INFO] from controllers.jpro in application-akka.actor.default-dispatcher-12 - remoteAddress 0:0:0:0:0:0:0:1
2025-11-19 23:51:17,024 [INFO] from controllers.jpro in application-akka.actor.default-dispatcher-12 - host          localhost:8080
2025-11-19 23:51:17,024 [INFO] from controllers.jpro in application-akka.actor.default-dispatcher-12 - uri           /app/ws/default
2025-11-19 23:51:17,042 [ERROR] from com.jpro.internal.server.ViewSerializerActor in JavaFX Application Thread - JavaFXStreamer - got Exception: 
java.lang.Exception: Can't start lp.Manager@508cce4 with JPro. lp.Manager@508cce4 does not extend javafx.application.Application
	at com.jpro.internal.config.ApplicationStarter$.$anonfun$startApplication$2(ApplicationStarter.scala:116)
	at simplefx.cores.interfaces.parts.testing.CoreTesting.inFX(CoreTesting.scala:21)
	at simplefx.cores.interfaces.parts.testing.CoreTesting.inFX$(CoreTesting.scala:18)
	at simplefx.cores.standard.Core.inFX(Core.scala:9)
	at com.jpro.internal.config.ApplicationStarter$.startApplication(ApplicationStarter.scala:111)
	at com.jpro.internal.config.ApplicationStarter$.requestApplication(ApplicationStarter.scala:94)
	at com.jpro.internal.config.ApplicationStarter$.getApplication(ApplicationStarter.scala:60)
	at com.jpro.internal.communicator.ViewImpl.<init>(ViewImpl.scala:43)
	at com.jpro.internal.server.ViewByActor.<init>(ViewSerializerActor.scala:159)
	at com.jpro.internal.server.ViewSerializerActor$$anonfun$handleFirstClientMessage$1.$anonfun$applyOrElse$2(ViewSerializerActor.scala:84)
	at simplefx.cores.standard.parts.CoreTimeEvent$$anon$3.run(CoreTimeEvent.scala:62)
	at com.sun.javafx.application.PlatformImpl.lambda$runLater$10(PlatformImpl.java:457)
	at java.base/java.security.AccessController.doPrivileged(AccessController.java:400)
	at com.sun.javafx.application.PlatformImpl.lambda$runLater$11(PlatformImpl.java:456)
	at com.sun.glass.ui.monocle.RunnableProcessor.runLoop(RunnableProcessor.java:92)
	at com.sun.glass.ui.monocle.RunnableProcessor.run(RunnableProcessor.java:51)
	at java.base/java.lang.Thread.run(Thread.java:1583)
2025-11-19 23:51:19,067 [INFO] from controllers.jpro in application-akka.actor.default-dispatcher-9 - application requested: default
2025-11-19 23:51:19,067 [INFO] from controllers.jpro in application-akka.actor.default-dispatcher-9 - Creating Application: default
2025-11-19 23:51:19,067 [INFO] from controllers.jpro in application-akka.actor.default-dispatcher-9 - remoteAddress 0:0:0:0:0:0:0:1
2025-11-19 23:51:19,068 [INFO] from controllers.jpro in application-akka.actor.default-dispatcher-9 - host          localhost:8080
2025-11-19 23:51:19,068 [INFO] from controllers.jpro in application-akka.actor.default-dispatcher-9 - uri           /app/ws/default
2025-11-19 23:51:19,091 [ERROR] from com.jpro.internal.server.ViewSerializerActor in JavaFX Application Thread - JavaFXStreamer - got Exception: 
java.lang.Exception: Can't start lp.Manager@49ca403f with JPro. lp.Manager@49ca403f does not extend javafx.application.Application
	at com.jpro.internal.config.ApplicationStarter$.$anonfun$startApplication$2(ApplicationStarter.scala:116)
	at simplefx.cores.interfaces.parts.testing.CoreTesting.inFX(CoreTesting.scala:21)
	at simplefx.cores.interfaces.parts.testing.CoreTesting.inFX$(CoreTesting.scala:18)
	at simplefx.cores.standard.Core.inFX(Core.scala:9)
	at com.jpro.internal.config.ApplicationStarter$.startApplication(ApplicationStarter.scala:111)
	at com.jpro.internal.config.ApplicationStarter$.requestApplication(ApplicationStarter.scala:94)
	at com.jpro.internal.config.ApplicationStarter$.getApplication(ApplicationStarter.scala:60)
	at com.jpro.internal.communicator.ViewImpl.<init>(ViewImpl.scala:43)
	at com.jpro.internal.server.ViewByActor.<init>(ViewSerializerActor.scala:159)
	at com.jpro.internal.server.ViewSerializerActor$$anonfun$handleFirstClientMessage$1.$anonfun$applyOrElse$2(ViewSerializerActor.scala:84)
	at simplefx.cores.standard.parts.CoreTimeEvent$$anon$3.run(CoreTimeEvent.scala:62)
	at com.sun.javafx.application.PlatformImpl.lambda$runLater$10(PlatformImpl.java:457)
	at java.base/java.security.AccessController.doPrivileged(AccessController.java:400)
	at com.sun.javafx.application.PlatformImpl.lambda$runLater$11(PlatformImpl.java:456)
	at com.sun.glass.ui.monocle.RunnableProcessor.runLoop(RunnableProcessor.java:92)
	at com.sun.glass.ui.monocle.RunnableProcessor.run(RunnableProcessor.java:51)
	at java.base/java.lang.Thread.run(Thread.java:1583)
2025-11-19 23:51:21,118 [INFO] from controllers.jpro in application-akka.actor.default-dispatcher-5 - application requested: default
2025-11-19 23:51:21,119 [INFO] from controllers.jpro in application-akka.actor.default-dispatcher-5 - Creating Application: default
2025-11-19 23:51:21,119 [INFO] from controllers.jpro in application-akka.actor.default-dispatcher-5 - remoteAddress 0:0:0:0:0:0:0:1
2025-11-19 23:51:21,119 [INFO] from controllers.jpro in application-akka.actor.default-dispatcher-5 - host          localhost:8080
2025-11-19 23:51:21,119 [INFO] from controllers.jpro in application-akka.actor.default-dispatcher-5 - uri           /app/ws/default
2025-11-19 23:51:21,147 [ERROR] from com.jpro.internal.server.ViewSerializerActor in JavaFX Application Thread - JavaFXStreamer - got Exception: 
java.lang.Exception: Can't start lp.Manager@81ceee8 with JPro. lp.Manager@81ceee8 does not extend javafx.application.Application
	at com.jpro.internal.config.ApplicationStarter$.$anonfun$startApplication$2(ApplicationStarter.scala:116)
	at simplefx.cores.interfaces.parts.testing.CoreTesting.inFX(CoreTesting.scala:21)
	at simplefx.cores.interfaces.parts.testing.CoreTesting.inFX$(CoreTesting.scala:18)
	at simplefx.cores.standard.Core.inFX(Core.scala:9)
	at com.jpro.internal.config.ApplicationStarter$.startApplication(ApplicationStarter.scala:111)
	at com.jpro.internal.config.ApplicationStarter$.requestApplication(ApplicationStarter.scala:94)
	at com.jpro.internal.config.ApplicationStarter$.getApplication(ApplicationStarter.scala:60)
	at com.jpro.internal.communicator.ViewImpl.<init>(ViewImpl.scala:43)
	at com.jpro.internal.server.ViewByActor.<init>(ViewSerializerActor.scala:159)
	at com.jpro.internal.server.ViewSerializerActor$$anonfun$handleFirstClientMessage$1.$anonfun$applyOrElse$2(ViewSerializerActor.scala:84)
	at simplefx.cores.standard.parts.CoreTimeEvent$$anon$3.run(CoreTimeEvent.scala:62)
	at com.sun.javafx.application.PlatformImpl.lambda$runLater$10(PlatformImpl.java:457)
	at java.base/java.security.AccessController.doPrivileged(AccessController.java:400)
	at com.sun.javafx.application.PlatformImpl.lambda$runLater$11(PlatformImpl.java:456)
	at com.sun.glass.ui.monocle.RunnableProcessor.runLoop(RunnableProcessor.java:92)
	at com.sun.glass.ui.monocle.RunnableProcessor.run(RunnableProcessor.java:51)
	at java.base/java.lang.Thread.run(Thread.java:1583)
2025-11-19 23:51:23,176 [INFO] from controllers.jpro in application-akka.actor.default-dispatcher-5 - application requested: default
2025-11-19 23:51:23,177 [INFO] from controllers.jpro in application-akka.actor.default-dispatcher-5 - Creating Application: default
2025-11-19 23:51:23,177 [INFO] from controllers.jpro in application-akka.actor.default-dispatcher-5 - remoteAddress 0:0:0:0:0:0:0:1
2025-11-19 23:51:23,177 [INFO] from controllers.jpro in application-akka.actor.default-dispatcher-5 - host          localhost:8080
2025-11-19 23:51:23,177 [INFO] from controllers.jpro in application-akka.actor.default-dispatcher-5 - uri           /app/ws/default
2025-11-19 23:51:23,195 [ERROR] from com.jpro.internal.server.ViewSerializerActor in JavaFX Application Thread - JavaFXStreamer - got Exception: 
java.lang.Exception: Can't start lp.Manager@3f794257 with JPro. lp.Manager@3f794257 does not extend javafx.application.Application
	at com.jpro.internal.config.ApplicationStarter$.$anonfun$startApplication$2(ApplicationStarter.scala:116)
	at simplefx.cores.interfaces.parts.testing.CoreTesting.inFX(CoreTesting.scala:21)
	at simplefx.cores.interfaces.parts.testing.CoreTesting.inFX$(CoreTesting.scala:18)
	at simplefx.cores.standard.Core.inFX(Core.scala:9)
	at com.jpro.internal.config.ApplicationStarter$.startApplication(ApplicationStarter.scala:111)
	at com.jpro.internal.config.ApplicationStarter$.requestApplication(ApplicationStarter.scala:94)
	at com.jpro.internal.config.ApplicationStarter$.getApplication(ApplicationStarter.scala:60)
	at com.jpro.internal.communicator.ViewImpl.<init>(ViewImpl.scala:43)
	at com.jpro.internal.server.ViewByActor.<init>(ViewSerializerActor.scala:159)
	at com.jpro.internal.server.ViewSerializerActor$$anonfun$handleFirstClientMessage$1.$anonfun$applyOrElse$2(ViewSerializerActor.scala:84)
	at simplefx.cores.standard.parts.CoreTimeEvent$$anon$3.run(CoreTimeEvent.scala:62)
	at com.sun.javafx.application.PlatformImpl.lambda$runLater$10(PlatformImpl.java:457)
	at java.base/java.security.AccessController.doPrivileged(AccessController.java:400)
	at com.sun.javafx.application.PlatformImpl.lambda$runLater$11(PlatformImpl.java:456)
	at com.sun.glass.ui.monocle.RunnableProcessor.runLoop(RunnableProcessor.java:92)
	at com.sun.glass.ui.monocle.RunnableProcessor.run(RunnableProcessor.java:51)
	at java.base/java.lang.Thread.run(Thread.java:1583)
2025-11-19 23:51:25,242 [INFO] from controllers.jpro in application-akka.actor.default-dispatcher-10 - application requested: default
2025-11-19 23:51:25,243 [INFO] from controllers.jpro in application-akka.actor.default-dispatcher-10 - Creating Application: default
2025-11-19 23:51:25,243 [INFO] from controllers.jpro in application-akka.actor.default-dispatcher-10 - remoteAddress 0:0:0:0:0:0:0:1
2025-11-19 23:51:25,244 [INFO] from controllers.jpro in application-akka.actor.default-dispatcher-10 - host          localhost:8080
2025-11-19 23:51:25,244 [INFO] from controllers.jpro in application-akka.actor.default-dispatcher-10 - uri           /app/ws/default
2025-11-19 23:51:25,266 [ERROR] from com.jpro.internal.server.ViewSerializerActor in JavaFX Application Thread - JavaFXStreamer - got Exception: 
java.lang.Exception: Can't start lp.Manager@1821de58 with JPro. lp.Manager@1821de58 does not extend javafx.application.Application
	at com.jpro.internal.config.ApplicationStarter$.$anonfun$startApplication$2(ApplicationStarter.scala:116)
	at simplefx.cores.interfaces.parts.testing.CoreTesting.inFX(CoreTesting.scala:21)
	at simplefx.cores.interfaces.parts.testing.CoreTesting.inFX$(CoreTesting.scala:18)
	at simplefx.cores.standard.Core.inFX(Core.scala:9)
	at com.jpro.internal.config.ApplicationStarter$.startApplication(ApplicationStarter.scala:111)
	at com.jpro.internal.config.ApplicationStarter$.requestApplication(ApplicationStarter.scala:94)
	at com.jpro.internal.config.ApplicationStarter$.getApplication(ApplicationStarter.scala:60)
	at com.jpro.internal.communicator.ViewImpl.<init>(ViewImpl.scala:43)
	at com.jpro.internal.server.ViewByActor.<init>(ViewSerializerActor.scala:159)
	at com.jpro.internal.server.ViewSerializerActor$$anonfun$handleFirstClientMessage$1.$anonfun$applyOrElse$2(ViewSerializerActor.scala:84)
	at simplefx.cores.standard.parts.CoreTimeEvent$$anon$3.run(CoreTimeEvent.scala:62)
	at com.sun.javafx.application.PlatformImpl.lambda$runLater$10(PlatformImpl.java:457)
	at java.base/java.security.AccessController.doPrivileged(AccessController.java:400)
	at com.sun.javafx.application.PlatformImpl.lambda$runLater$11(PlatformImpl.java:456)
	at com.sun.glass.ui.monocle.RunnableProcessor.runLoop(RunnableProcessor.java:92)
	at com.sun.glass.ui.monocle.RunnableProcessor.run(RunnableProcessor.java:51)
	at java.base/java.lang.Thread.run(Thread.java:1583)
2025-11-19 23:51:27,296 [INFO] from controllers.jpro in application-akka.actor.default-dispatcher-5 - application requested: default
2025-11-19 23:51:27,297 [INFO] from controllers.jpro in application-akka.actor.default-dispatcher-5 - Creating Application: default
2025-11-19 23:51:27,297 [INFO] from controllers.jpro in application-akka.actor.default-dispatcher-5 - remoteAddress 0:0:0:0:0:0:0:1
2025-11-19 23:51:27,297 [INFO] from controllers.jpro in application-akka.actor.default-dispatcher-5 - host          localhost:8080
2025-11-19 23:51:27,297 [INFO] from controllers.jpro in application-akka.actor.default-dispatcher-5 - uri           /app/ws/default
2025-11-19 23:51:27,312 [ERROR] from com.jpro.internal.server.ViewSerializerActor in JavaFX Application Thread - JavaFXStreamer - got Exception: 
java.lang.Exception: Can't start lp.Manager@51dc90 with JPro. lp.Manager@51dc90 does not extend javafx.application.Application
	at com.jpro.internal.config.ApplicationStarter$.$anonfun$startApplication$2(ApplicationStarter.scala:116)
	at simplefx.cores.interfaces.parts.testing.CoreTesting.inFX(CoreTesting.scala:21)
	at simplefx.cores.interfaces.parts.testing.CoreTesting.inFX$(CoreTesting.scala:18)
	at simplefx.cores.standard.Core.inFX(Core.scala:9)
	at com.jpro.internal.config.ApplicationStarter$.startApplication(ApplicationStarter.scala:111)
	at com.jpro.internal.config.ApplicationStarter$.requestApplication(ApplicationStarter.scala:94)
	at com.jpro.internal.config.ApplicationStarter$.getApplication(ApplicationStarter.scala:60)
	at com.jpro.internal.communicator.ViewImpl.<init>(ViewImpl.scala:43)
	at com.jpro.internal.server.ViewByActor.<init>(ViewSerializerActor.scala:159)
	at com.jpro.internal.server.ViewSerializerActor$$anonfun$handleFirstClientMessage$1.$anonfun$applyOrElse$2(ViewSerializerActor.scala:84)
	at simplefx.cores.standard.parts.CoreTimeEvent$$anon$3.run(CoreTimeEvent.scala:62)
	at com.sun.javafx.application.PlatformImpl.lambda$runLater$10(PlatformImpl.java:457)
	at java.base/java.security.AccessController.doPrivileged(AccessController.java:400)
	at com.sun.javafx.application.PlatformImpl.lambda$runLater$11(PlatformImpl.java:456)
	at com.sun.glass.ui.monocle.RunnableProcessor.runLoop(RunnableProcessor.java:92)
	at com.sun.glass.ui.monocle.RunnableProcessor.run(RunnableProcessor.java:51)
	at java.base/java.lang.Thread.run(Thread.java:1583)
2025-11-19 23:52:24,257 [INFO] from com.jpro.activity in scala-execution-context-global-30 - Starting the server
2025-11-19 23:52:24,261 [INFO] from com.jpro.internal.server.JProInitializer$ in scala-execution-context-global-30 -  *** Starting JPro: https://www.jpro.one/ ***
2025-11-19 23:52:24,261 [INFO] from com.jpro.internal.server.JProInitializer$ in scala-execution-context-global-30 - OS: Windows 10
2025-11-19 23:52:24,297 [INFO] from com.jpro.internal.server.JProInitializer$ in scala-execution-context-global-30 - JPro: 2024.2.1
2025-11-19 23:52:24,297 [INFO] from com.jpro.internal.server.JProInitializer$ in scala-execution-context-global-30 - Java version: 21.0.8
2025-11-19 23:52:24,297 [INFO] from com.jpro.internal.server.JProInitializer$ in scala-execution-context-global-30 - JVM: 21.0.8 Oracle Corporation
2025-11-19 23:52:24,302 [INFO] from com.jpro.internal.server.JProInitializer$ in scala-execution-context-global-30 - JavaFX jar: file:/C:/Users/Lubor/.m2/repository/org/openjfx/javafx-graphics/22.0.2-jpro/javafx-graphics-22.0.2-jpro-win.jar
2025-11-19 23:52:24,307 [INFO] from com.jpro.internal.server.JProInitializer$ in scala-execution-context-global-30 - Configuring logging from url: 'jar:file:/C:/Users/Lubor/.m2/repository/com/sandec/jpro/jpro-server_2.12/2024.2.1/jpro-server_2.12-2024.2.1.jar!/logback-jpro-default.xml'
2025-11-19 23:52:25,494 [INFO] from com.jpro.internal.server.JProInitializer$ in JavaFX Application Thread - JavaFX version: 22.0.2-jpro+0
2025-11-19 23:52:25,690 [INFO] from com.jpro.internal.server.JProInitializer$ in scala-execution-context-global-30 - finished init!
2025-11-19 23:52:25,711 [INFO] from com.jpro.internal.server.JProInitializer$ in scala-execution-context-global-30 - [JPro] -> Server started: {start_time: 1763592744255, os_name: Windows 10, jpro_version: 2024.2.1}
2025-11-19 23:52:25,938 [INFO] from akka.event.slf4j.Slf4jLogger in application-akka.actor.default-dispatcher-4 - Slf4jLogger started
2025-11-19 23:52:26,699 [INFO] from play.api.Play in Thread-0 - Application started (Prod) (no global state)
2025-11-19 23:52:27,324 [INFO] from play.core.server.AkkaHttpServer in Thread-0 - Enabling HTTP/2 on Akka HTTP server...
2025-11-19 23:52:27,325 [INFO] from play.core.server.AkkaHttpServer in Thread-0 - Listening for HTTP on /[0:0:0:0:0:0:0:0]:8080
2025-11-19 23:52:28,767 [INFO] from controllers.jpro in application-akka.actor.default-dispatcher-9 - application requested: default
2025-11-19 23:52:28,779 [INFO] from controllers.jpro in application-akka.actor.default-dispatcher-9 - Creating Application: default
2025-11-19 23:52:28,781 [INFO] from controllers.jpro in application-akka.actor.default-dispatcher-9 - remoteAddress 0:0:0:0:0:0:0:1
2025-11-19 23:52:28,782 [INFO] from controllers.jpro in application-akka.actor.default-dispatcher-9 - host          localhost:8080
2025-11-19 23:52:28,782 [INFO] from controllers.jpro in application-akka.actor.default-dispatcher-9 - uri           /app/ws/default
2025-11-19 23:52:29,019 [ERROR] from com.jpro.internal.server.ViewSerializerActor in JavaFX Application Thread - JavaFXStreamer - got Exception: 
java.lang.Exception: Can't start lp.Manager@12a43d59 with JPro. lp.Manager@12a43d59 does not extend javafx.application.Application
	at com.jpro.internal.config.ApplicationStarter$.$anonfun$startApplication$2(ApplicationStarter.scala:116)
	at simplefx.cores.interfaces.parts.testing.CoreTesting.inFX(CoreTesting.scala:21)
	at simplefx.cores.interfaces.parts.testing.CoreTesting.inFX$(CoreTesting.scala:18)
	at simplefx.cores.standard.Core.inFX(Core.scala:9)
	at com.jpro.internal.config.ApplicationStarter$.startApplication(ApplicationStarter.scala:111)
	at com.jpro.internal.config.ApplicationStarter$.requestApplication(ApplicationStarter.scala:94)
	at com.jpro.internal.config.ApplicationStarter$.getApplication(ApplicationStarter.scala:60)
	at com.jpro.internal.communicator.ViewImpl.<init>(ViewImpl.scala:43)
	at com.jpro.internal.server.ViewByActor.<init>(ViewSerializerActor.scala:159)
	at com.jpro.internal.server.ViewSerializerActor$$anonfun$handleFirstClientMessage$1.$anonfun$applyOrElse$2(ViewSerializerActor.scala:84)
	at simplefx.cores.standard.parts.CoreTimeEvent$$anon$3.run(CoreTimeEvent.scala:62)
	at com.sun.javafx.application.PlatformImpl.lambda$runLater$10(PlatformImpl.java:457)
	at java.base/java.security.AccessController.doPrivileged(AccessController.java:400)
	at com.sun.javafx.application.PlatformImpl.lambda$runLater$11(PlatformImpl.java:456)
	at com.sun.glass.ui.monocle.RunnableProcessor.runLoop(RunnableProcessor.java:92)
	at com.sun.glass.ui.monocle.RunnableProcessor.run(RunnableProcessor.java:51)
	at java.base/java.lang.Thread.run(Thread.java:1583)
2025-11-19 23:52:31,059 [INFO] from controllers.jpro in application-akka.actor.default-dispatcher-4 - application requested: default
2025-11-19 23:52:31,060 [INFO] from controllers.jpro in application-akka.actor.default-dispatcher-4 - Creating Application: default
2025-11-19 23:52:31,060 [INFO] from controllers.jpro in application-akka.actor.default-dispatcher-4 - remoteAddress 0:0:0:0:0:0:0:1
2025-11-19 23:52:31,060 [INFO] from controllers.jpro in application-akka.actor.default-dispatcher-4 - host          localhost:8080
2025-11-19 23:52:31,060 [INFO] from controllers.jpro in application-akka.actor.default-dispatcher-4 - uri           /app/ws/default
2025-11-19 23:52:31,074 [ERROR] from com.jpro.internal.server.ViewSerializerActor in JavaFX Application Thread - JavaFXStreamer - got Exception: 
java.lang.Exception: Can't start lp.Manager@693dfd4c with JPro. lp.Manager@693dfd4c does not extend javafx.application.Application
	at com.jpro.internal.config.ApplicationStarter$.$anonfun$startApplication$2(ApplicationStarter.scala:116)
	at simplefx.cores.interfaces.parts.testing.CoreTesting.inFX(CoreTesting.scala:21)
	at simplefx.cores.interfaces.parts.testing.CoreTesting.inFX$(CoreTesting.scala:18)
	at simplefx.cores.standard.Core.inFX(Core.scala:9)
	at com.jpro.internal.config.ApplicationStarter$.startApplication(ApplicationStarter.scala:111)
	at com.jpro.internal.config.ApplicationStarter$.requestApplication(ApplicationStarter.scala:94)
	at com.jpro.internal.config.ApplicationStarter$.getApplication(ApplicationStarter.scala:60)
	at com.jpro.internal.communicator.ViewImpl.<init>(ViewImpl.scala:43)
	at com.jpro.internal.server.ViewByActor.<init>(ViewSerializerActor.scala:159)
	at com.jpro.internal.server.ViewSerializerActor$$anonfun$handleFirstClientMessage$1.$anonfun$applyOrElse$2(ViewSerializerActor.scala:84)
	at simplefx.cores.standard.parts.CoreTimeEvent$$anon$3.run(CoreTimeEvent.scala:62)
	at com.sun.javafx.application.PlatformImpl.lambda$runLater$10(PlatformImpl.java:457)
	at java.base/java.security.AccessController.doPrivileged(AccessController.java:400)
	at com.sun.javafx.application.PlatformImpl.lambda$runLater$11(PlatformImpl.java:456)
	at com.sun.glass.ui.monocle.RunnableProcessor.runLoop(RunnableProcessor.java:92)
	at com.sun.glass.ui.monocle.RunnableProcessor.run(RunnableProcessor.java:51)
	at java.base/java.lang.Thread.run(Thread.java:1583)
2025-11-19 23:52:33,086 [INFO] from controllers.jpro in application-akka.actor.default-dispatcher-9 - application requested: default
2025-11-19 23:52:33,086 [INFO] from controllers.jpro in application-akka.actor.default-dispatcher-9 - Creating Application: default
2025-11-19 23:52:33,086 [INFO] from controllers.jpro in application-akka.actor.default-dispatcher-9 - remoteAddress 0:0:0:0:0:0:0:1
2025-11-19 23:52:33,086 [INFO] from controllers.jpro in application-akka.actor.default-dispatcher-9 - host          localhost:8080
2025-11-19 23:52:33,086 [INFO] from controllers.jpro in application-akka.actor.default-dispatcher-9 - uri           /app/ws/default
2025-11-19 23:52:33,098 [ERROR] from com.jpro.internal.server.ViewSerializerActor in JavaFX Application Thread - JavaFXStreamer - got Exception: 
java.lang.Exception: Can't start lp.Manager@7fadc201 with JPro. lp.Manager@7fadc201 does not extend javafx.application.Application
	at com.jpro.internal.config.ApplicationStarter$.$anonfun$startApplication$2(ApplicationStarter.scala:116)
	at simplefx.cores.interfaces.parts.testing.CoreTesting.inFX(CoreTesting.scala:21)
	at simplefx.cores.interfaces.parts.testing.CoreTesting.inFX$(CoreTesting.scala:18)
	at simplefx.cores.standard.Core.inFX(Core.scala:9)
	at com.jpro.internal.config.ApplicationStarter$.startApplication(ApplicationStarter.scala:111)
	at com.jpro.internal.config.ApplicationStarter$.requestApplication(ApplicationStarter.scala:94)
	at com.jpro.internal.config.ApplicationStarter$.getApplication(ApplicationStarter.scala:60)
	at com.jpro.internal.communicator.ViewImpl.<init>(ViewImpl.scala:43)
	at com.jpro.internal.server.ViewByActor.<init>(ViewSerializerActor.scala:159)
	at com.jpro.internal.server.ViewSerializerActor$$anonfun$handleFirstClientMessage$1.$anonfun$applyOrElse$2(ViewSerializerActor.scala:84)
	at simplefx.cores.standard.parts.CoreTimeEvent$$anon$3.run(CoreTimeEvent.scala:62)
	at com.sun.javafx.application.PlatformImpl.lambda$runLater$10(PlatformImpl.java:457)
	at java.base/java.security.AccessController.doPrivileged(AccessController.java:400)
	at com.sun.javafx.application.PlatformImpl.lambda$runLater$11(PlatformImpl.java:456)
	at com.sun.glass.ui.monocle.RunnableProcessor.runLoop(RunnableProcessor.java:92)
	at com.sun.glass.ui.monocle.RunnableProcessor.run(RunnableProcessor.java:51)
	at java.base/java.lang.Thread.run(Thread.java:1583)
2025-11-19 23:52:35,128 [INFO] from controllers.jpro in application-akka.actor.default-dispatcher-8 - application requested: default
2025-11-19 23:52:35,129 [INFO] from controllers.jpro in application-akka.actor.default-dispatcher-8 - Creating Application: default
2025-11-19 23:52:35,129 [INFO] from controllers.jpro in application-akka.actor.default-dispatcher-8 - remoteAddress 0:0:0:0:0:0:0:1
2025-11-19 23:52:35,129 [INFO] from controllers.jpro in application-akka.actor.default-dispatcher-8 - host          localhost:8080
2025-11-19 23:52:35,129 [INFO] from controllers.jpro in application-akka.actor.default-dispatcher-8 - uri           /app/ws/default
2025-11-19 23:52:35,146 [ERROR] from com.jpro.internal.server.ViewSerializerActor in JavaFX Application Thread - JavaFXStreamer - got Exception: 
java.lang.Exception: Can't start lp.Manager@5f3af9ba with JPro. lp.Manager@5f3af9ba does not extend javafx.application.Application
	at com.jpro.internal.config.ApplicationStarter$.$anonfun$startApplication$2(ApplicationStarter.scala:116)
	at simplefx.cores.interfaces.parts.testing.CoreTesting.inFX(CoreTesting.scala:21)
	at simplefx.cores.interfaces.parts.testing.CoreTesting.inFX$(CoreTesting.scala:18)
	at simplefx.cores.standard.Core.inFX(Core.scala:9)
	at com.jpro.internal.config.ApplicationStarter$.startApplication(ApplicationStarter.scala:111)
	at com.jpro.internal.config.ApplicationStarter$.requestApplication(ApplicationStarter.scala:94)
	at com.jpro.internal.config.ApplicationStarter$.getApplication(ApplicationStarter.scala:60)
	at com.jpro.internal.communicator.ViewImpl.<init>(ViewImpl.scala:43)
	at com.jpro.internal.server.ViewByActor.<init>(ViewSerializerActor.scala:159)
	at com.jpro.internal.server.ViewSerializerActor$$anonfun$handleFirstClientMessage$1.$anonfun$applyOrElse$2(ViewSerializerActor.scala:84)
	at simplefx.cores.standard.parts.CoreTimeEvent$$anon$3.run(CoreTimeEvent.scala:62)
	at com.sun.javafx.application.PlatformImpl.lambda$runLater$10(PlatformImpl.java:457)
	at java.base/java.security.AccessController.doPrivileged(AccessController.java:400)
	at com.sun.javafx.application.PlatformImpl.lambda$runLater$11(PlatformImpl.java:456)
	at com.sun.glass.ui.monocle.RunnableProcessor.runLoop(RunnableProcessor.java:92)
	at com.sun.glass.ui.monocle.RunnableProcessor.run(RunnableProcessor.java:51)
	at java.base/java.lang.Thread.run(Thread.java:1583)
2025-11-19 23:52:37,241 [INFO] from controllers.jpro in application-akka.actor.default-dispatcher-6 - application requested: default
2025-11-19 23:52:37,241 [INFO] from controllers.jpro in application-akka.actor.default-dispatcher-6 - Creating Application: default
2025-11-19 23:52:37,241 [INFO] from controllers.jpro in application-akka.actor.default-dispatcher-6 - remoteAddress 0:0:0:0:0:0:0:1
2025-11-19 23:52:37,241 [INFO] from controllers.jpro in application-akka.actor.default-dispatcher-6 - host          localhost:8080
2025-11-19 23:52:37,241 [INFO] from controllers.jpro in application-akka.actor.default-dispatcher-6 - uri           /app/ws/default
2025-11-19 23:52:37,263 [ERROR] from com.jpro.internal.server.ViewSerializerActor in JavaFX Application Thread - JavaFXStreamer - got Exception: 
java.lang.Exception: Can't start lp.Manager@2180a7c5 with JPro. lp.Manager@2180a7c5 does not extend javafx.application.Application
	at com.jpro.internal.config.ApplicationStarter$.$anonfun$startApplication$2(ApplicationStarter.scala:116)
	at simplefx.cores.interfaces.parts.testing.CoreTesting.inFX(CoreTesting.scala:21)
	at simplefx.cores.interfaces.parts.testing.CoreTesting.inFX$(CoreTesting.scala:18)
	at simplefx.cores.standard.Core.inFX(Core.scala:9)
	at com.jpro.internal.config.ApplicationStarter$.startApplication(ApplicationStarter.scala:111)
	at com.jpro.internal.config.ApplicationStarter$.requestApplication(ApplicationStarter.scala:94)
	at com.jpro.internal.config.ApplicationStarter$.getApplication(ApplicationStarter.scala:60)
	at com.jpro.internal.communicator.ViewImpl.<init>(ViewImpl.scala:43)
	at com.jpro.internal.server.ViewByActor.<init>(ViewSerializerActor.scala:159)
	at com.jpro.internal.server.ViewSerializerActor$$anonfun$handleFirstClientMessage$1.$anonfun$applyOrElse$2(ViewSerializerActor.scala:84)
	at simplefx.cores.standard.parts.CoreTimeEvent$$anon$3.run(CoreTimeEvent.scala:62)
	at com.sun.javafx.application.PlatformImpl.lambda$runLater$10(PlatformImpl.java:457)
	at java.base/java.security.AccessController.doPrivileged(AccessController.java:400)
	at com.sun.javafx.application.PlatformImpl.lambda$runLater$11(PlatformImpl.java:456)
	at com.sun.glass.ui.monocle.RunnableProcessor.runLoop(RunnableProcessor.java:92)
	at com.sun.glass.ui.monocle.RunnableProcessor.run(RunnableProcessor.java:51)
	at java.base/java.lang.Thread.run(Thread.java:1583)
2025-11-19 23:52:39,285 [INFO] from controllers.jpro in application-akka.actor.default-dispatcher-6 - application requested: default
2025-11-19 23:52:39,285 [INFO] from controllers.jpro in application-akka.actor.default-dispatcher-6 - Creating Application: default
2025-11-19 23:52:39,285 [INFO] from controllers.jpro in application-akka.actor.default-dispatcher-6 - remoteAddress 0:0:0:0:0:0:0:1
2025-11-19 23:52:39,285 [INFO] from controllers.jpro in application-akka.actor.default-dispatcher-6 - host          localhost:8080
2025-11-19 23:52:39,285 [INFO] from controllers.jpro in application-akka.actor.default-dispatcher-6 - uri           /app/ws/default
2025-11-19 23:52:39,299 [ERROR] from com.jpro.internal.server.ViewSerializerActor in JavaFX Application Thread - JavaFXStreamer - got Exception: 
java.lang.Exception: Can't start lp.Manager@2d52d89d with JPro. lp.Manager@2d52d89d does not extend javafx.application.Application
	at com.jpro.internal.config.ApplicationStarter$.$anonfun$startApplication$2(ApplicationStarter.scala:116)
	at simplefx.cores.interfaces.parts.testing.CoreTesting.inFX(CoreTesting.scala:21)
	at simplefx.cores.interfaces.parts.testing.CoreTesting.inFX$(CoreTesting.scala:18)
	at simplefx.cores.standard.Core.inFX(Core.scala:9)
	at com.jpro.internal.config.ApplicationStarter$.startApplication(ApplicationStarter.scala:111)
	at com.jpro.internal.config.ApplicationStarter$.requestApplication(ApplicationStarter.scala:94)
	at com.jpro.internal.config.ApplicationStarter$.getApplication(ApplicationStarter.scala:60)
	at com.jpro.internal.communicator.ViewImpl.<init>(ViewImpl.scala:43)
	at com.jpro.internal.server.ViewByActor.<init>(ViewSerializerActor.scala:159)
	at com.jpro.internal.server.ViewSerializerActor$$anonfun$handleFirstClientMessage$1.$anonfun$applyOrElse$2(ViewSerializerActor.scala:84)
	at simplefx.cores.standard.parts.CoreTimeEvent$$anon$3.run(CoreTimeEvent.scala:62)
	at com.sun.javafx.application.PlatformImpl.lambda$runLater$10(PlatformImpl.java:457)
	at java.base/java.security.AccessController.doPrivileged(AccessController.java:400)
	at com.sun.javafx.application.PlatformImpl.lambda$runLater$11(PlatformImpl.java:456)
	at com.sun.glass.ui.monocle.RunnableProcessor.runLoop(RunnableProcessor.java:92)
	at com.sun.glass.ui.monocle.RunnableProcessor.run(RunnableProcessor.java:51)
	at java.base/java.lang.Thread.run(Thread.java:1583)
2025-11-19 23:52:41,325 [INFO] from controllers.jpro in application-akka.actor.default-dispatcher-6 - application requested: default
2025-11-19 23:52:41,325 [INFO] from controllers.jpro in application-akka.actor.default-dispatcher-6 - Creating Application: default
2025-11-19 23:52:41,325 [INFO] from controllers.jpro in application-akka.actor.default-dispatcher-6 - remoteAddress 0:0:0:0:0:0:0:1
2025-11-19 23:52:41,326 [INFO] from controllers.jpro in application-akka.actor.default-dispatcher-6 - host          localhost:8080
2025-11-19 23:52:41,326 [INFO] from controllers.jpro in application-akka.actor.default-dispatcher-6 - uri           /app/ws/default
2025-11-19 23:52:41,340 [ERROR] from com.jpro.internal.server.ViewSerializerActor in JavaFX Application Thread - JavaFXStreamer - got Exception: 
java.lang.Exception: Can't start lp.Manager@5f02f18b with JPro. lp.Manager@5f02f18b does not extend javafx.application.Application
	at com.jpro.internal.config.ApplicationStarter$.$anonfun$startApplication$2(ApplicationStarter.scala:116)
	at simplefx.cores.interfaces.parts.testing.CoreTesting.inFX(CoreTesting.scala:21)
	at simplefx.cores.interfaces.parts.testing.CoreTesting.inFX$(CoreTesting.scala:18)
	at simplefx.cores.standard.Core.inFX(Core.scala:9)
	at com.jpro.internal.config.ApplicationStarter$.startApplication(ApplicationStarter.scala:111)
	at com.jpro.internal.config.ApplicationStarter$.requestApplication(ApplicationStarter.scala:94)
	at com.jpro.internal.config.ApplicationStarter$.getApplication(ApplicationStarter.scala:60)
	at com.jpro.internal.communicator.ViewImpl.<init>(ViewImpl.scala:43)
	at com.jpro.internal.server.ViewByActor.<init>(ViewSerializerActor.scala:159)
	at com.jpro.internal.server.ViewSerializerActor$$anonfun$handleFirstClientMessage$1.$anonfun$applyOrElse$2(ViewSerializerActor.scala:84)
	at simplefx.cores.standard.parts.CoreTimeEvent$$anon$3.run(CoreTimeEvent.scala:62)
	at com.sun.javafx.application.PlatformImpl.lambda$runLater$10(PlatformImpl.java:457)
	at java.base/java.security.AccessController.doPrivileged(AccessController.java:400)
	at com.sun.javafx.application.PlatformImpl.lambda$runLater$11(PlatformImpl.java:456)
	at com.sun.glass.ui.monocle.RunnableProcessor.runLoop(RunnableProcessor.java:92)
	at com.sun.glass.ui.monocle.RunnableProcessor.run(RunnableProcessor.java:51)
	at java.base/java.lang.Thread.run(Thread.java:1583)
2025-11-19 23:52:43,375 [INFO] from controllers.jpro in application-akka.actor.default-dispatcher-10 - application requested: default
2025-11-19 23:52:43,377 [INFO] from controllers.jpro in application-akka.actor.default-dispatcher-10 - Creating Application: default
2025-11-19 23:52:43,377 [INFO] from controllers.jpro in application-akka.actor.default-dispatcher-10 - remoteAddress 0:0:0:0:0:0:0:1
2025-11-19 23:52:43,377 [INFO] from controllers.jpro in application-akka.actor.default-dispatcher-10 - host          localhost:8080
2025-11-19 23:52:43,377 [INFO] from controllers.jpro in application-akka.actor.default-dispatcher-10 - uri           /app/ws/default
2025-11-19 23:52:43,413 [ERROR] from com.jpro.internal.server.ViewSerializerActor in JavaFX Application Thread - JavaFXStreamer - got Exception: 
java.lang.Exception: Can't start lp.Manager@295abce9 with JPro. lp.Manager@295abce9 does not extend javafx.application.Application
	at com.jpro.internal.config.ApplicationStarter$.$anonfun$startApplication$2(ApplicationStarter.scala:116)
	at simplefx.cores.interfaces.parts.testing.CoreTesting.inFX(CoreTesting.scala:21)
	at simplefx.cores.interfaces.parts.testing.CoreTesting.inFX$(CoreTesting.scala:18)
	at simplefx.cores.standard.Core.inFX(Core.scala:9)
	at com.jpro.internal.config.ApplicationStarter$.startApplication(ApplicationStarter.scala:111)
	at com.jpro.internal.config.ApplicationStarter$.requestApplication(ApplicationStarter.scala:94)
	at com.jpro.internal.config.ApplicationStarter$.getApplication(ApplicationStarter.scala:60)
	at com.jpro.internal.communicator.ViewImpl.<init>(ViewImpl.scala:43)
	at com.jpro.internal.server.ViewByActor.<init>(ViewSerializerActor.scala:159)
	at com.jpro.internal.server.ViewSerializerActor$$anonfun$handleFirstClientMessage$1.$anonfun$applyOrElse$2(ViewSerializerActor.scala:84)
	at simplefx.cores.standard.parts.CoreTimeEvent$$anon$3.run(CoreTimeEvent.scala:62)
	at com.sun.javafx.application.PlatformImpl.lambda$runLater$10(PlatformImpl.java:457)
	at java.base/java.security.AccessController.doPrivileged(AccessController.java:400)
	at com.sun.javafx.application.PlatformImpl.lambda$runLater$11(PlatformImpl.java:456)
	at com.sun.glass.ui.monocle.RunnableProcessor.runLoop(RunnableProcessor.java:92)
	at com.sun.glass.ui.monocle.RunnableProcessor.run(RunnableProcessor.java:51)
	at java.base/java.lang.Thread.run(Thread.java:1583)
2025-11-19 23:52:54,522 [INFO] from com.jpro.activity in scala-execution-context-global-30 - Starting the server
2025-11-19 23:52:54,527 [INFO] from com.jpro.internal.server.JProInitializer$ in scala-execution-context-global-30 -  *** Starting JPro: https://www.jpro.one/ ***
2025-11-19 23:52:54,527 [INFO] from com.jpro.internal.server.JProInitializer$ in scala-execution-context-global-30 - OS: Windows 10
2025-11-19 23:52:54,576 [INFO] from com.jpro.internal.server.JProInitializer$ in scala-execution-context-global-30 - JPro: 2024.2.1
2025-11-19 23:52:54,577 [INFO] from com.jpro.internal.server.JProInitializer$ in scala-execution-context-global-30 - Java version: 21.0.8
2025-11-19 23:52:54,577 [INFO] from com.jpro.internal.server.JProInitializer$ in scala-execution-context-global-30 - JVM: 21.0.8 Oracle Corporation
2025-11-19 23:52:54,582 [INFO] from com.jpro.internal.server.JProInitializer$ in scala-execution-context-global-30 - JavaFX jar: file:/C:/Users/Lubor/.m2/repository/org/openjfx/javafx-graphics/22.0.2-jpro/javafx-graphics-22.0.2-jpro-win.jar
2025-11-19 23:52:54,584 [INFO] from com.jpro.internal.server.JProInitializer$ in scala-execution-context-global-30 - Configuring logging from url: 'jar:file:/C:/Users/Lubor/.m2/repository/com/sandec/jpro/jpro-server_2.12/2024.2.1/jpro-server_2.12-2024.2.1.jar!/logback-jpro-default.xml'
2025-11-19 23:52:56,883 [INFO] from com.jpro.internal.server.JProInitializer$ in JavaFX Application Thread - JavaFX version: 22.0.2-jpro+0
2025-11-19 23:52:57,029 [INFO] from com.jpro.internal.server.JProInitializer$ in scala-execution-context-global-30 - finished init!
2025-11-19 23:52:57,031 [INFO] from com.jpro.internal.server.JProInitializer$ in scala-execution-context-global-30 - [JPro] -> Server started: {start_time: 1763592774520, os_name: Windows 10, jpro_version: 2024.2.1}
2025-11-19 23:52:57,513 [INFO] from akka.event.slf4j.Slf4jLogger in application-akka.actor.default-dispatcher-5 - Slf4jLogger started
2025-11-19 23:52:58,377 [INFO] from play.api.Play in Thread-0 - Application started (Prod) (no global state)
2025-11-19 23:52:58,959 [INFO] from play.core.server.AkkaHttpServer in Thread-0 - Enabling HTTP/2 on Akka HTTP server...
2025-11-19 23:52:58,960 [INFO] from play.core.server.AkkaHttpServer in Thread-0 - Listening for HTTP on /[0:0:0:0:0:0:0:0]:8080
2025-11-19 23:53:00,419 [INFO] from controllers.jpro in application-akka.actor.default-dispatcher-8 - application requested: default
2025-11-19 23:53:00,431 [INFO] from controllers.jpro in application-akka.actor.default-dispatcher-8 - Creating Application: default
2025-11-19 23:53:00,433 [INFO] from controllers.jpro in application-akka.actor.default-dispatcher-8 - remoteAddress 0:0:0:0:0:0:0:1
2025-11-19 23:53:00,433 [INFO] from controllers.jpro in application-akka.actor.default-dispatcher-8 - host          localhost:8080
2025-11-19 23:53:00,433 [INFO] from controllers.jpro in application-akka.actor.default-dispatcher-8 - uri           /app/ws/default
2025-11-19 23:53:00,680 [ERROR] from com.jpro.internal.server.ViewSerializerActor in JavaFX Application Thread - JavaFXStreamer - got Exception: 
java.lang.Exception: Can't start lp.Manager@431ba53f with JPro. lp.Manager@431ba53f does not extend javafx.application.Application
	at com.jpro.internal.config.ApplicationStarter$.$anonfun$startApplication$2(ApplicationStarter.scala:116)
	at simplefx.cores.interfaces.parts.testing.CoreTesting.inFX(CoreTesting.scala:21)
	at simplefx.cores.interfaces.parts.testing.CoreTesting.inFX$(CoreTesting.scala:18)
	at simplefx.cores.standard.Core.inFX(Core.scala:9)
	at com.jpro.internal.config.ApplicationStarter$.startApplication(ApplicationStarter.scala:111)
	at com.jpro.internal.config.ApplicationStarter$.requestApplication(ApplicationStarter.scala:94)
	at com.jpro.internal.config.ApplicationStarter$.getApplication(ApplicationStarter.scala:60)
	at com.jpro.internal.communicator.ViewImpl.<init>(ViewImpl.scala:43)
	at com.jpro.internal.server.ViewByActor.<init>(ViewSerializerActor.scala:159)
	at com.jpro.internal.server.ViewSerializerActor$$anonfun$handleFirstClientMessage$1.$anonfun$applyOrElse$2(ViewSerializerActor.scala:84)
	at simplefx.cores.standard.parts.CoreTimeEvent$$anon$3.run(CoreTimeEvent.scala:62)
	at com.sun.javafx.application.PlatformImpl.lambda$runLater$10(PlatformImpl.java:457)
	at java.base/java.security.AccessController.doPrivileged(AccessController.java:400)
	at com.sun.javafx.application.PlatformImpl.lambda$runLater$11(PlatformImpl.java:456)
	at com.sun.glass.ui.monocle.RunnableProcessor.runLoop(RunnableProcessor.java:92)
	at com.sun.glass.ui.monocle.RunnableProcessor.run(RunnableProcessor.java:51)
	at java.base/java.lang.Thread.run(Thread.java:1583)
2025-11-19 23:53:02,729 [INFO] from controllers.jpro in application-akka.actor.default-dispatcher-8 - application requested: default
2025-11-19 23:53:02,730 [INFO] from controllers.jpro in application-akka.actor.default-dispatcher-8 - Creating Application: default
2025-11-19 23:53:02,730 [INFO] from controllers.jpro in application-akka.actor.default-dispatcher-8 - remoteAddress 0:0:0:0:0:0:0:1
2025-11-19 23:53:02,730 [INFO] from controllers.jpro in application-akka.actor.default-dispatcher-8 - host          localhost:8080
2025-11-19 23:53:02,730 [INFO] from controllers.jpro in application-akka.actor.default-dispatcher-8 - uri           /app/ws/default
2025-11-19 23:53:02,762 [ERROR] from com.jpro.internal.server.ViewSerializerActor in JavaFX Application Thread - JavaFXStreamer - got Exception: 
java.lang.Exception: Can't start lp.Manager@67518764 with JPro. lp.Manager@67518764 does not extend javafx.application.Application
	at com.jpro.internal.config.ApplicationStarter$.$anonfun$startApplication$2(ApplicationStarter.scala:116)
	at simplefx.cores.interfaces.parts.testing.CoreTesting.inFX(CoreTesting.scala:21)
	at simplefx.cores.interfaces.parts.testing.CoreTesting.inFX$(CoreTesting.scala:18)
	at simplefx.cores.standard.Core.inFX(Core.scala:9)
	at com.jpro.internal.config.ApplicationStarter$.startApplication(ApplicationStarter.scala:111)
	at com.jpro.internal.config.ApplicationStarter$.requestApplication(ApplicationStarter.scala:94)
	at com.jpro.internal.config.ApplicationStarter$.getApplication(ApplicationStarter.scala:60)
	at com.jpro.internal.communicator.ViewImpl.<init>(ViewImpl.scala:43)
	at com.jpro.internal.server.ViewByActor.<init>(ViewSerializerActor.scala:159)
	at com.jpro.internal.server.ViewSerializerActor$$anonfun$handleFirstClientMessage$1.$anonfun$applyOrElse$2(ViewSerializerActor.scala:84)
	at simplefx.cores.standard.parts.CoreTimeEvent$$anon$3.run(CoreTimeEvent.scala:62)
	at com.sun.javafx.application.PlatformImpl.lambda$runLater$10(PlatformImpl.java:457)
	at java.base/java.security.AccessController.doPrivileged(AccessController.java:400)
	at com.sun.javafx.application.PlatformImpl.lambda$runLater$11(PlatformImpl.java:456)
	at com.sun.glass.ui.monocle.RunnableProcessor.runLoop(RunnableProcessor.java:92)
	at com.sun.glass.ui.monocle.RunnableProcessor.run(RunnableProcessor.java:51)
	at java.base/java.lang.Thread.run(Thread.java:1583)
2025-11-19 23:53:04,777 [INFO] from controllers.jpro in application-akka.actor.default-dispatcher-8 - application requested: default
2025-11-19 23:53:04,777 [INFO] from controllers.jpro in application-akka.actor.default-dispatcher-8 - Creating Application: default
2025-11-19 23:53:04,777 [INFO] from controllers.jpro in application-akka.actor.default-dispatcher-8 - remoteAddress 0:0:0:0:0:0:0:1
2025-11-19 23:53:04,777 [INFO] from controllers.jpro in application-akka.actor.default-dispatcher-8 - host          localhost:8080
2025-11-19 23:53:04,777 [INFO] from controllers.jpro in application-akka.actor.default-dispatcher-8 - uri           /app/ws/default
2025-11-19 23:53:04,789 [ERROR] from com.jpro.internal.server.ViewSerializerActor in JavaFX Application Thread - JavaFXStreamer - got Exception: 
java.lang.Exception: Can't start lp.Manager@34bffc91 with JPro. lp.Manager@34bffc91 does not extend javafx.application.Application
	at com.jpro.internal.config.ApplicationStarter$.$anonfun$startApplication$2(ApplicationStarter.scala:116)
	at simplefx.cores.interfaces.parts.testing.CoreTesting.inFX(CoreTesting.scala:21)
	at simplefx.cores.interfaces.parts.testing.CoreTesting.inFX$(CoreTesting.scala:18)
	at simplefx.cores.standard.Core.inFX(Core.scala:9)
	at com.jpro.internal.config.ApplicationStarter$.startApplication(ApplicationStarter.scala:111)
	at com.jpro.internal.config.ApplicationStarter$.requestApplication(ApplicationStarter.scala:94)
	at com.jpro.internal.config.ApplicationStarter$.getApplication(ApplicationStarter.scala:60)
	at com.jpro.internal.communicator.ViewImpl.<init>(ViewImpl.scala:43)
	at com.jpro.internal.server.ViewByActor.<init>(ViewSerializerActor.scala:159)
	at com.jpro.internal.server.ViewSerializerActor$$anonfun$handleFirstClientMessage$1.$anonfun$applyOrElse$2(ViewSerializerActor.scala:84)
	at simplefx.cores.standard.parts.CoreTimeEvent$$anon$3.run(CoreTimeEvent.scala:62)
	at com.sun.javafx.application.PlatformImpl.lambda$runLater$10(PlatformImpl.java:457)
	at java.base/java.security.AccessController.doPrivileged(AccessController.java:400)
	at com.sun.javafx.application.PlatformImpl.lambda$runLater$11(PlatformImpl.java:456)
	at com.sun.glass.ui.monocle.RunnableProcessor.runLoop(RunnableProcessor.java:92)
	at com.sun.glass.ui.monocle.RunnableProcessor.run(RunnableProcessor.java:51)
	at java.base/java.lang.Thread.run(Thread.java:1583)
